#
# There is insufficient memory for the Java Runtime Environment to continue.
# Native memory allocation (malloc) failed to allocate 2397936 bytes for Chunk::new
# Possible reasons:
#   The system is out of physical RAM or swap space
#   The process is running with CompressedOops enabled, and the Java Heap may be blocking the growth of the native heap
# Possible solutions:
#   Reduce memory load on the system
#   Increase physical memory or swap space
#   Check if swap backing store is full
#   Decrease Java heap size (-Xmx/-Xms)
#   Decrease number of Java threads
#   Decrease Java thread stack sizes (-Xss)
#   Set larger code cache with -XX:ReservedCodeCacheSize=
#   JVM is running with Unscaled Compressed Oops mode in which the Java heap is
#     placed in the first 4GB address space. The Java Heap base address is the
#     maximum limit for the native heap growth. Please use -XX:HeapBaseMinAddress
#     to set the Java Heap base and to place the Java Heap above 4GB virtual address.
# This output file may be truncated or incomplete.
#
#  Out of Memory Error (src/hotspot/share/memory/arena.cpp:197), pid=3940, tid=7212
#
# JRE version: OpenJDK Runtime Environment (11.0.15) (build 11.0.15+0-b2043.56-9505619)
# Java VM: OpenJDK 64-Bit Server VM (11.0.15+0-b2043.56-9505619, mixed mode, tiered, compressed oops, g1 gc, windows-amd64)
# No core dump will be written. Minidumps are not enabled by default on client versions of Windows
#

---------------  S U M M A R Y ------------

Command Line: --add-opens=java.base/java.util=ALL-UNNAMED --add-opens=java.base/java.lang=ALL-UNNAMED --add-opens=java.base/java.lang.invoke=ALL-UNNAMED --add-opens=java.base/java.util=ALL-UNNAMED --add-opens=java.prefs/java.util.prefs=ALL-UNNAMED --add-opens=java.prefs/java.util.prefs=ALL-UNNAMED --add-opens=java.base/java.nio.charset=ALL-UNNAMED --add-opens=java.base/java.net=ALL-UNNAMED --add-opens=java.base/java.util.concurrent.atomic=ALL-UNNAMED -Xmx2048m -Dfile.encoding=UTF-8 -Duser.country=RU -Duser.language=ru -Duser.variant org.gradle.launcher.daemon.bootstrap.GradleDaemon 7.5

Host: 11th Gen Intel(R) Core(TM) i5-1135G7 @ 2.40GHz, 8 cores, 7G,  Windows 10 , 64 bit Build 19041 (10.0.19041.2546)
Time: Tue Apr 11 12:59:14 2023 RTZ 2 (s 10 , 64 bit Build 19041 (10.0.19041.2546) elapsed time: 26.642670 seconds (0d 0h 0m 26s)

---------------  T H R E A D  ---------------

Current thread (0x000001ecd139d800):  JavaThread "C2 CompilerThread1" daemon [_thread_in_native, id=7212, stack(0x0000007bf1a00000,0x0000007bf1b00000)]


Current CompileTask:
C2:  26642 12037       4       org.gradle.api.internal.artifacts.transform.ConsumerProvidedVariantFinder::matchAttributes (68 bytes)

Stack: [0x0000007bf1a00000,0x0000007bf1b00000]
Native frames: (J=compiled Java code, j=interpreted, Vv=VM code, C=native code)
V  [jvm.dll+0x64135a]
V  [jvm.dll+0x7d39f9]
V  [jvm.dll+0x7d51b9]
V  [jvm.dll+0x7d58a3]
V  [jvm.dll+0x2691c5]
V  [jvm.dll+0xc1a5c]
V  [jvm.dll+0xc200c]
V  [jvm.dll+0x3774a7]
V  [jvm.dll+0x1b3914]
V  [jvm.dll+0x22163e]
V  [jvm.dll+0x220498]
V  [jvm.dll+0x19e851]
V  [jvm.dll+0x230479]
V  [jvm.dll+0x22e5ef]
V  [jvm.dll+0x794de1]
V  [jvm.dll+0x78dc24]
V  [jvm.dll+0x6400f6]
C  [ucrtbase.dll+0x21bb2]
C  [KERNEL32.DLL+0x17614]
C  [ntdll.dll+0x526a1]


---------------  P R O C E S S  ---------------

Threads class SMR info:
_java_thread_list=0x000001ecd2412c60, length=135, elements={
0x000001ecb42ad000, 0x000001eccef81800, 0x000001eccef8a800, 0x000001eccefda000,
0x000001eccefdb000, 0x000001eccefde000, 0x000001eccefe4000, 0x000001eccefed000,
0x000001ecceff3000, 0x000001eccf15e800, 0x000001ecd13ec800, 0x000001ecd1275800,
0x000001eccf4ff800, 0x000001eccfbf2800, 0x000001eccfbf3800, 0x000001eccfebe800,
0x000001eccfebf000, 0x000001ecd1123800, 0x000001ecd118a800, 0x000001ecd1319800,
0x000001ecd117f000, 0x000001ecd1181000, 0x000001ecd117b800, 0x000001ecd1182000,
0x000001ecd117f800, 0x000001ecd117c800, 0x000001ecd117d000, 0x000001ecd1180800,
0x000001ecd117e000, 0x000001ecd50c3800, 0x000001ecd50c6000, 0x000001ecd50c4000,
0x000001ecd50c2800, 0x000001ecd50ca000, 0x000001ecd50c8800, 0x000001ecd50c5000,
0x000001ecd50cc800, 0x000001ecd50cd000, 0x000001ecd50ce000, 0x000001ecd50cf000,
0x000001ecd50c9000, 0x000001ecd50cf800, 0x000001ecd60a1800, 0x000001ecd60a2800,
0x000001ecd60a1000, 0x000001ecd609d000, 0x000001ecd609d800, 0x000001ecd60a3800,
0x000001ecd609e800, 0x000001ecd60a4000, 0x000001ecd60a5000, 0x000001ecd60a0000,
0x000001ecd609f000, 0x000001ecd60a7800, 0x000001ecd60ab800, 0x000001ecd60a5800,
0x000001ecd60a8000, 0x000001ecd60a6800, 0x000001ecd60a9000, 0x000001ecd60aa000,
0x000001ecd60aa800, 0x000001ecd2a02000, 0x000001ecd2a05000, 0x000001ecd2a03800,
0x000001ecd2a06000, 0x000001ecd2a00800, 0x000001ecd2a02800, 0x000001ecd2a04800,
0x000001ecd2a07000, 0x000001ecd2a01000, 0x000001ecd1495800, 0x000001ecd1496000,
0x000001ecd1499800, 0x000001ecd1493800, 0x000001ecd1498800, 0x000001ecd149a000,
0x000001ecd1498000, 0x000001ecd1494800, 0x000001ecd149b000, 0x000001ecd149c000,
0x000001ecd149c800, 0x000001ecd1497000, 0x000001ecd149f000, 0x000001ecd14a1800,
0x000001ecd14a1000, 0x000001ecd14a2800, 0x000001ecd149d800, 0x000001ecd149e800,
0x000001ecd14a0000, 0x000001ecd09a5800, 0x000001ecd09a8000, 0x000001ecd09a3800,
0x000001ecd09a4000, 0x000001ecd09a6800, 0x000001ecd09a2800, 0x000001ecd09aa800,
0x000001ecd09a7800, 0x000001ecd09a9000, 0x000001ecd09aa000, 0x000001ecd09a5000,
0x000001ecd09ab800, 0x000001ecd09b1000, 0x000001ecd09b0800, 0x000001ecd09ac800,
0x000001ecd09ae000, 0x000001ecd09ae800, 0x000001ecd09af800, 0x000001ecd09ad000,
0x000001ecd2be5800, 0x000001ecd2be9000, 0x000001ecd2be9800, 0x000001ecd2be7800,
0x000001ecd2be8000, 0x000001ecd2be4000, 0x000001ecd2bea800, 0x000001ecd2be5000,
0x000001ecd2beb800, 0x000001ecd2bec000, 0x000001ecd2be6800, 0x000001ecd2bf1000,
0x000001ecd2bf2000, 0x000001ecd2bed000, 0x000001ecd2bef800, 0x000001ecd2bee800,
0x000001ecd5bba800, 0x000001ecd5bb9800, 0x000001ecd5bbb000, 0x000001ecd5bb7000,
0x000001ecd5bbc000, 0x000001ecd5bbd000, 0x000001ecd5bbd800, 0x000001ecd5bb8000,
0x000001ecd139d800, 0x000001ecd5bbe800, 0x000001ecd5bb8800
}

Java Threads: ( => current thread )
  0x000001ecb42ad000 JavaThread "main" [_thread_blocked, id=9188, stack(0x0000007be9500000,0x0000007be9600000)]
  0x000001eccef81800 JavaThread "Reference Handler" daemon [_thread_blocked, id=16688, stack(0x0000007be9c00000,0x0000007be9d00000)]
  0x000001eccef8a800 JavaThread "Finalizer" daemon [_thread_blocked, id=13484, stack(0x0000007be9d00000,0x0000007be9e00000)]
  0x000001eccefda000 JavaThread "Signal Dispatcher" daemon [_thread_blocked, id=19140, stack(0x0000007be9e00000,0x0000007be9f00000)]
  0x000001eccefdb000 JavaThread "Attach Listener" daemon [_thread_blocked, id=9700, stack(0x0000007be9f00000,0x0000007bea000000)]
  0x000001eccefde000 JavaThread "Service Thread" daemon [_thread_blocked, id=14184, stack(0x0000007bea000000,0x0000007bea100000)]
  0x000001eccefe4000 JavaThread "C2 CompilerThread0" daemon [_thread_blocked, id=18472, stack(0x0000007bea100000,0x0000007bea200000)]
  0x000001eccefed000 JavaThread "C1 CompilerThread0" daemon [_thread_blocked, id=10212, stack(0x0000007bea200000,0x0000007bea300000)]
  0x000001ecceff3000 JavaThread "Sweeper thread" daemon [_thread_blocked, id=5656, stack(0x0000007bea300000,0x0000007bea400000)]
  0x000001eccf15e800 JavaThread "Common-Cleaner" daemon [_thread_blocked, id=7984, stack(0x0000007bea400000,0x0000007bea500000)]
  0x000001ecd13ec800 JavaThread "Daemon health stats" [_thread_blocked, id=9440, stack(0x0000007bea900000,0x0000007beaa00000)]
  0x000001ecd1275800 JavaThread "Incoming local TCP Connector on port 51134" [_thread_in_native, id=16084, stack(0x0000007bea600000,0x0000007bea700000)]
  0x000001eccf4ff800 JavaThread "Daemon periodic checks" [_thread_blocked, id=4032, stack(0x0000007beaa00000,0x0000007beab00000)]
  0x000001eccfbf2800 JavaThread "Daemon" [_thread_blocked, id=7900, stack(0x0000007beab00000,0x0000007beac00000)]
  0x000001eccfbf3800 JavaThread "Handler for socket connection from /127.0.0.1:51134 to /127.0.0.1:51135" [_thread_in_native, id=14252, stack(0x0000007beac00000,0x0000007bead00000)]
  0x000001eccfebe800 JavaThread "Cancel handler" [_thread_blocked, id=12128, stack(0x0000007bead00000,0x0000007beae00000)]
  0x000001eccfebf000 JavaThread "Daemon worker" [_thread_blocked, id=4944, stack(0x0000007beae00000,0x0000007beaf00000)]
  0x000001ecd1123800 JavaThread "Asynchronous log dispatcher for DefaultDaemonConnection: socket connection from /127.0.0.1:51134 to /127.0.0.1:51135" [_thread_blocked, id=16888, stack(0x0000007beaf00000,0x0000007beb000000)]
  0x000001ecd118a800 JavaThread "Stdin handler" [_thread_blocked, id=16484, stack(0x0000007beb000000,0x0000007beb100000)]
  0x000001ecd1319800 JavaThread "Daemon client event forwarder" [_thread_blocked, id=13064, stack(0x0000007beb100000,0x0000007beb200000)]
  0x000001ecd117f000 JavaThread "Cache worker for journal cache (C:\Users\uzoro\.gradle\caches\journal-1)" [_thread_blocked, id=4328, stack(0x0000007beb700000,0x0000007beb800000)]
  0x000001ecd1181000 JavaThread "File lock request listener" [_thread_in_native, id=12680, stack(0x0000007beb800000,0x0000007beb900000)]
  0x000001ecd117b800 JavaThread "Cache worker for file hash cache (C:\Users\uzoro\.gradle\caches\7.5\fileHashes)" [_thread_blocked, id=17456, stack(0x0000007beba00000,0x0000007bebb00000)]
  0x000001ecd1182000 JavaThread "File watcher server" daemon [_thread_in_native, id=16504, stack(0x0000007bebd00000,0x0000007bebe00000)]
  0x000001ecd117f800 JavaThread "File watcher consumer" daemon [_thread_blocked, id=7572, stack(0x0000007bebe00000,0x0000007bebf00000)]
  0x000001ecd117c800 JavaThread "Cache worker for checksums cache (D:\AndroidStudioProjects\MyRefrig\whatsInMyFridgeAndroidApp\.gradle\7.5\checksums)" [_thread_blocked, id=14600, stack(0x0000007bebf00000,0x0000007bec000000)]
  0x000001ecd117d000 JavaThread "Cache worker for cache directory md-rule (C:\Users\uzoro\.gradle\caches\7.5\md-rule)" [_thread_blocked, id=19628, stack(0x0000007bec000000,0x0000007bec100000)]
  0x000001ecd1180800 JavaThread "Cache worker for file content cache (C:\Users\uzoro\.gradle\caches\7.5\fileContent)" [_thread_blocked, id=14584, stack(0x0000007bec100000,0x0000007bec200000)]
  0x000001ecd117e000 JavaThread "Cache worker for file hash cache (D:\AndroidStudioProjects\MyRefrig\whatsInMyFridgeAndroidApp\.gradle\7.5\fileHashes)" [_thread_blocked, id=1248, stack(0x0000007bec200000,0x0000007bec300000)]
  0x000001ecd50c3800 JavaThread "Cache worker for cache directory md-supplier (C:\Users\uzoro\.gradle\caches\7.5\md-supplier)" [_thread_blocked, id=152, stack(0x0000007bec300000,0x0000007bec400000)]
  0x000001ecd50c6000 JavaThread "Cache worker for execution history cache (C:\Users\uzoro\.gradle\caches\7.5\executionHistory)" [_thread_blocked, id=20328, stack(0x0000007bec400000,0x0000007bec500000)]
  0x000001ecd50c4000 JavaThread "jar transforms" [_thread_blocked, id=1568, stack(0x0000007bec500000,0x0000007bec600000)]
  0x000001ecd50c2800 JavaThread "jar transforms Thread 2" [_thread_blocked, id=16404, stack(0x0000007bec600000,0x0000007bec700000)]
  0x000001ecd50ca000 JavaThread "jar transforms Thread 3" [_thread_blocked, id=7412, stack(0x0000007bec700000,0x0000007bec800000)]
  0x000001ecd50c8800 JavaThread "jar transforms Thread 4" [_thread_blocked, id=13168, stack(0x0000007bec800000,0x0000007bec900000)]
  0x000001ecd50c5000 JavaThread "Cache worker for dependencies-accessors (D:\AndroidStudioProjects\MyRefrig\whatsInMyFridgeAndroidApp\.gradle\7.5\dependencies-accessors)" [_thread_blocked, id=1304, stack(0x0000007bec900000,0x0000007beca00000)]
  0x000001ecd50cc800 JavaThread "jar transforms Thread 5" [_thread_blocked, id=16720, stack(0x0000007beca00000,0x0000007becb00000)]
  0x000001ecd50cd000 JavaThread "Cache worker for Build Output Cleanup Cache (D:\AndroidStudioProjects\MyRefrig\whatsInMyFridgeAndroidApp\.gradle\buildOutputCleanup)" [_thread_blocked, id=19496, stack(0x0000007becb00000,0x0000007becc00000)]
  0x000001ecd50ce000 JavaThread "Unconstrained build operations" [_thread_blocked, id=17876, stack(0x0000007bebb00000,0x0000007bebc00000)]
  0x000001ecd50cf000 JavaThread "Unconstrained build operations Thread 2" [_thread_blocked, id=7652, stack(0x0000007bebc00000,0x0000007bebd00000)]
  0x000001ecd50c9000 JavaThread "Unconstrained build operations Thread 3" [_thread_blocked, id=13076, stack(0x0000007becc00000,0x0000007becd00000)]
  0x000001ecd50cf800 JavaThread "Unconstrained build operations Thread 4" [_thread_blocked, id=14792, stack(0x0000007becd00000,0x0000007bece00000)]
  0x000001ecd60a1800 JavaThread "Unconstrained build operations Thread 5" [_thread_blocked, id=16712, stack(0x0000007bece00000,0x0000007becf00000)]
  0x000001ecd60a2800 JavaThread "Unconstrained build operations Thread 6" [_thread_blocked, id=7088, stack(0x0000007becf00000,0x0000007bed000000)]
  0x000001ecd60a1000 JavaThread "Unconstrained build operations Thread 7" [_thread_blocked, id=15904, stack(0x0000007bed000000,0x0000007bed100000)]
  0x000001ecd609d000 JavaThread "Unconstrained build operations Thread 8" [_thread_blocked, id=12488, stack(0x0000007bed100000,0x0000007bed200000)]
  0x000001ecd609d800 JavaThread "Unconstrained build operations Thread 9" [_thread_blocked, id=10252, stack(0x0000007bed200000,0x0000007bed300000)]
  0x000001ecd60a3800 JavaThread "Unconstrained build operations Thread 10" [_thread_blocked, id=10940, stack(0x0000007bed300000,0x0000007bed400000)]
  0x000001ecd609e800 JavaThread "Unconstrained build operations Thread 11" [_thread_blocked, id=14720, stack(0x0000007bed400000,0x0000007bed500000)]
  0x000001ecd60a4000 JavaThread "Unconstrained build operations Thread 12" [_thread_blocked, id=14940, stack(0x0000007bed500000,0x0000007bed600000)]
  0x000001ecd60a5000 JavaThread "Unconstrained build operations Thread 13" [_thread_blocked, id=10672, stack(0x0000007bed600000,0x0000007bed700000)]
  0x000001ecd60a0000 JavaThread "Unconstrained build operations Thread 14" [_thread_blocked, id=19440, stack(0x0000007bed700000,0x0000007bed800000)]
  0x000001ecd609f000 JavaThread "Unconstrained build operations Thread 15" [_thread_blocked, id=10008, stack(0x0000007bed800000,0x0000007bed900000)]
  0x000001ecd60a7800 JavaThread "Unconstrained build operations Thread 16" [_thread_blocked, id=8108, stack(0x0000007bed900000,0x0000007beda00000)]
  0x000001ecd60ab800 JavaThread "Unconstrained build operations Thread 17" [_thread_blocked, id=3824, stack(0x0000007beda00000,0x0000007bedb00000)]
  0x000001ecd60a5800 JavaThread "Unconstrained build operations Thread 18" [_thread_blocked, id=3248, stack(0x0000007bedb00000,0x0000007bedc00000)]
  0x000001ecd60a8000 JavaThread "Unconstrained build operations Thread 19" [_thread_blocked, id=10320, stack(0x0000007bedc00000,0x0000007bedd00000)]
  0x000001ecd60a6800 JavaThread "Unconstrained build operations Thread 20" [_thread_blocked, id=3088, stack(0x0000007bedd00000,0x0000007bede00000)]
  0x000001ecd60a9000 JavaThread "Unconstrained build operations Thread 21" [_thread_blocked, id=16280, stack(0x0000007bede00000,0x0000007bedf00000)]
  0x000001ecd60aa000 JavaThread "Unconstrained build operations Thread 22" [_thread_blocked, id=13552, stack(0x0000007bedf00000,0x0000007bee000000)]
  0x000001ecd60aa800 JavaThread "Unconstrained build operations Thread 23" [_thread_blocked, id=11360, stack(0x0000007bee000000,0x0000007bee100000)]
  0x000001ecd2a02000 JavaThread "Unconstrained build operations Thread 24" [_thread_blocked, id=5108, stack(0x0000007bee100000,0x0000007bee200000)]
  0x000001ecd2a05000 JavaThread "Unconstrained build operations Thread 25" [_thread_blocked, id=11720, stack(0x0000007bee200000,0x0000007bee300000)]
  0x000001ecd2a03800 JavaThread "Unconstrained build operations Thread 26" [_thread_blocked, id=12516, stack(0x0000007bee300000,0x0000007bee400000)]
  0x000001ecd2a06000 JavaThread "Unconstrained build operations Thread 27" [_thread_blocked, id=16072, stack(0x0000007bee400000,0x0000007bee500000)]
  0x000001ecd2a00800 JavaThread "Unconstrained build operations Thread 28" [_thread_blocked, id=8680, stack(0x0000007bee500000,0x0000007bee600000)]
  0x000001ecd2a02800 JavaThread "Unconstrained build operations Thread 29" [_thread_blocked, id=3080, stack(0x0000007bee600000,0x0000007bee700000)]
  0x000001ecd2a04800 JavaThread "Unconstrained build operations Thread 30" [_thread_blocked, id=11568, stack(0x0000007bee700000,0x0000007bee800000)]
  0x000001ecd2a07000 JavaThread "Unconstrained build operations Thread 31" [_thread_blocked, id=10708, stack(0x0000007bee800000,0x0000007bee900000)]
  0x000001ecd2a01000 JavaThread "Unconstrained build operations Thread 32" [_thread_blocked, id=8732, stack(0x0000007bee900000,0x0000007beea00000)]
  0x000001ecd1495800 JavaThread "Unconstrained build operations Thread 33" [_thread_blocked, id=13256, stack(0x0000007beea00000,0x0000007beeb00000)]
  0x000001ecd1496000 JavaThread "Unconstrained build operations Thread 34" [_thread_blocked, id=19432, stack(0x0000007beeb00000,0x0000007beec00000)]
  0x000001ecd1499800 JavaThread "Unconstrained build operations Thread 35" [_thread_blocked, id=14984, stack(0x0000007beec00000,0x0000007beed00000)]
  0x000001ecd1493800 JavaThread "Unconstrained build operations Thread 36" [_thread_blocked, id=14592, stack(0x0000007beed00000,0x0000007beee00000)]
  0x000001ecd1498800 JavaThread "Unconstrained build operations Thread 37" [_thread_blocked, id=15912, stack(0x0000007beee00000,0x0000007beef00000)]
  0x000001ecd149a000 JavaThread "Unconstrained build operations Thread 38" [_thread_blocked, id=13972, stack(0x0000007beef00000,0x0000007bef000000)]
  0x000001ecd1498000 JavaThread "Unconstrained build operations Thread 39" [_thread_blocked, id=17928, stack(0x0000007bef000000,0x0000007bef100000)]
  0x000001ecd1494800 JavaThread "Unconstrained build operations Thread 40" [_thread_blocked, id=14428, stack(0x0000007bef100000,0x0000007bef200000)]
  0x000001ecd149b000 JavaThread "Unconstrained build operations Thread 41" [_thread_blocked, id=12012, stack(0x0000007bef200000,0x0000007bef300000)]
  0x000001ecd149c000 JavaThread "Unconstrained build operations Thread 42" [_thread_blocked, id=2400, stack(0x0000007bef300000,0x0000007bef400000)]
  0x000001ecd149c800 JavaThread "Unconstrained build operations Thread 43" [_thread_blocked, id=10184, stack(0x0000007bef400000,0x0000007bef500000)]
  0x000001ecd1497000 JavaThread "Unconstrained build operations Thread 44" [_thread_blocked, id=13816, stack(0x0000007bef500000,0x0000007bef600000)]
  0x000001ecd149f000 JavaThread "Unconstrained build operations Thread 45" [_thread_blocked, id=4896, stack(0x0000007bef600000,0x0000007bef700000)]
  0x000001ecd14a1800 JavaThread "Unconstrained build operations Thread 46" [_thread_blocked, id=12496, stack(0x0000007bef700000,0x0000007bef800000)]
  0x000001ecd14a1000 JavaThread "Unconstrained build operations Thread 47" [_thread_blocked, id=15088, stack(0x0000007bef800000,0x0000007bef900000)]
  0x000001ecd14a2800 JavaThread "Unconstrained build operations Thread 48" [_thread_blocked, id=14256, stack(0x0000007bef900000,0x0000007befa00000)]
  0x000001ecd149d800 JavaThread "Unconstrained build operations Thread 49" [_thread_blocked, id=20116, stack(0x0000007befa00000,0x0000007befb00000)]
  0x000001ecd149e800 JavaThread "Unconstrained build operations Thread 50" [_thread_blocked, id=7584, stack(0x0000007befb00000,0x0000007befc00000)]
  0x000001ecd14a0000 JavaThread "Unconstrained build operations Thread 51" [_thread_blocked, id=19644, stack(0x0000007befc00000,0x0000007befd00000)]
  0x000001ecd09a5800 JavaThread "Unconstrained build operations Thread 52" [_thread_blocked, id=10536, stack(0x0000007befd00000,0x0000007befe00000)]
  0x000001ecd09a8000 JavaThread "Unconstrained build operations Thread 53" [_thread_blocked, id=7880, stack(0x0000007befe00000,0x0000007beff00000)]
  0x000001ecd09a3800 JavaThread "Unconstrained build operations Thread 54" [_thread_blocked, id=14380, stack(0x0000007beff00000,0x0000007bf0000000)]
  0x000001ecd09a4000 JavaThread "Unconstrained build operations Thread 55" [_thread_blocked, id=13968, stack(0x0000007bf0000000,0x0000007bf0100000)]
  0x000001ecd09a6800 JavaThread "Unconstrained build operations Thread 56" [_thread_blocked, id=8336, stack(0x0000007bf0100000,0x0000007bf0200000)]
  0x000001ecd09a2800 JavaThread "Unconstrained build operations Thread 57" [_thread_blocked, id=15208, stack(0x0000007bf0200000,0x0000007bf0300000)]
  0x000001ecd09aa800 JavaThread "Unconstrained build operations Thread 58" [_thread_blocked, id=6664, stack(0x0000007bf0300000,0x0000007bf0400000)]
  0x000001ecd09a7800 JavaThread "Unconstrained build operations Thread 59" [_thread_blocked, id=19008, stack(0x0000007bf0400000,0x0000007bf0500000)]
  0x000001ecd09a9000 JavaThread "Unconstrained build operations Thread 60" [_thread_blocked, id=13232, stack(0x0000007bf0500000,0x0000007bf0600000)]
  0x000001ecd09aa000 JavaThread "Unconstrained build operations Thread 61" [_thread_blocked, id=5712, stack(0x0000007bf0600000,0x0000007bf0700000)]
  0x000001ecd09a5000 JavaThread "Unconstrained build operations Thread 62" [_thread_blocked, id=3876, stack(0x0000007bf0700000,0x0000007bf0800000)]
  0x000001ecd09ab800 JavaThread "Unconstrained build operations Thread 63" [_thread_blocked, id=14860, stack(0x0000007bf0800000,0x0000007bf0900000)]
  0x000001ecd09b1000 JavaThread "Unconstrained build operations Thread 64" [_thread_blocked, id=18648, stack(0x0000007bf0900000,0x0000007bf0a00000)]
  0x000001ecd09b0800 JavaThread "Unconstrained build operations Thread 65" [_thread_blocked, id=5824, stack(0x0000007bf0a00000,0x0000007bf0b00000)]
  0x000001ecd09ac800 JavaThread "Unconstrained build operations Thread 66" [_thread_blocked, id=17476, stack(0x0000007bf0b00000,0x0000007bf0c00000)]
  0x000001ecd09ae000 JavaThread "Unconstrained build operations Thread 67" [_thread_blocked, id=20176, stack(0x0000007bf0c00000,0x0000007bf0d00000)]
  0x000001ecd09ae800 JavaThread "Unconstrained build operations Thread 68" [_thread_blocked, id=15068, stack(0x0000007bf0d00000,0x0000007bf0e00000)]
  0x000001ecd09af800 JavaThread "Unconstrained build operations Thread 69" [_thread_blocked, id=20208, stack(0x0000007bf0e00000,0x0000007bf0f00000)]
  0x000001ecd09ad000 JavaThread "Unconstrained build operations Thread 70" [_thread_blocked, id=10180, stack(0x0000007bf0f00000,0x0000007bf1000000)]
  0x000001ecd2be5800 JavaThread "Unconstrained build operations Thread 71" [_thread_blocked, id=18980, stack(0x0000007bf1000000,0x0000007bf1100000)]
  0x000001ecd2be9000 JavaThread "Unconstrained build operations Thread 72" [_thread_blocked, id=1736, stack(0x0000007bf1100000,0x0000007bf1200000)]
  0x000001ecd2be9800 JavaThread "Unconstrained build operations Thread 73" [_thread_blocked, id=1916, stack(0x0000007bf1200000,0x0000007bf1300000)]
  0x000001ecd2be7800 JavaThread "Unconstrained build operations Thread 74" [_thread_blocked, id=3312, stack(0x0000007bf1300000,0x0000007bf1400000)]
  0x000001ecd2be8000 JavaThread "Unconstrained build operations Thread 75" [_thread_blocked, id=19016, stack(0x0000007bf1400000,0x0000007bf1500000)]
  0x000001ecd2be4000 JavaThread "Unconstrained build operations Thread 76" [_thread_blocked, id=8440, stack(0x0000007bf1500000,0x0000007bf1600000)]
  0x000001ecd2bea800 JavaThread "Unconstrained build operations Thread 77" [_thread_blocked, id=16696, stack(0x0000007bf1600000,0x0000007bf1700000)]
  0x000001ecd2be5000 JavaThread "Unconstrained build operations Thread 78" [_thread_blocked, id=19204, stack(0x0000007bf1700000,0x0000007bf1800000)]
  0x000001ecd2beb800 JavaThread "Unconstrained build operations Thread 79" [_thread_blocked, id=13500, stack(0x0000007bf1800000,0x0000007bf1900000)]
  0x000001ecd2bec000 JavaThread "Unconstrained build operations Thread 80" [_thread_blocked, id=20380, stack(0x0000007bf1900000,0x0000007bf1a00000)]
  0x000001ecd2be6800 JavaThread "jar transforms Thread 6" [_thread_blocked, id=17376, stack(0x0000007bf1b00000,0x0000007bf1c00000)]
  0x000001ecd2bf1000 JavaThread "jar transforms Thread 7" [_thread_blocked, id=9304, stack(0x0000007bf1c00000,0x0000007bf1d00000)]
  0x000001ecd2bf2000 JavaThread "jar transforms Thread 8" [_thread_blocked, id=2660, stack(0x0000007bf1d00000,0x0000007bf1e00000)]
  0x000001ecd2bed000 JavaThread "build event listener" [_thread_blocked, id=6396, stack(0x0000007bf1f00000,0x0000007bf2000000)]
  0x000001ecd2bef800 JavaThread "Memory manager" [_thread_blocked, id=15692, stack(0x0000007bf2000000,0x0000007bf2100000)]
  0x000001ecd2bee800 JavaThread "included builds" [_thread_blocked, id=2316, stack(0x0000007bf2100000,0x0000007bf2200000)]
  0x000001ecd5bba800 JavaThread "Execution worker" [_thread_blocked, id=9008, stack(0x0000007bf2200000,0x0000007bf2300000)]
  0x000001ecd5bb9800 JavaThread "Execution worker Thread 2" [_thread_blocked, id=12732, stack(0x0000007bf2300000,0x0000007bf2400000)]
  0x000001ecd5bbb000 JavaThread "Execution worker Thread 3" [_thread_blocked, id=13440, stack(0x0000007bf2400000,0x0000007bf2500000)]
  0x000001ecd5bb7000 JavaThread "Execution worker Thread 4" [_thread_blocked, id=3164, stack(0x0000007bf2500000,0x0000007bf2600000)]
  0x000001ecd5bbc000 JavaThread "Execution worker Thread 5" [_thread_blocked, id=564, stack(0x0000007bf2600000,0x0000007bf2700000)]
  0x000001ecd5bbd000 JavaThread "Execution worker Thread 6" [_thread_blocked, id=3140, stack(0x0000007bf2700000,0x0000007bf2800000)]
  0x000001ecd5bbd800 JavaThread "Execution worker Thread 7" [_thread_blocked, id=9596, stack(0x0000007bf2800000,0x0000007bf2900000)]
  0x000001ecd5bb8000 JavaThread "Cache worker for execution history cache (D:\AndroidStudioProjects\MyRefrig\whatsInMyFridgeAndroidApp\.gradle\7.5\executionHistory)" [_thread_blocked, id=13408, stack(0x0000007bf2900000,0x0000007bf2a00000)]
=>0x000001ecd139d800 JavaThread "C2 CompilerThread1" daemon [_thread_in_native, id=7212, stack(0x0000007bf1a00000,0x0000007bf1b00000)]
  0x000001ecd5bbe800 JavaThread "WorkerExecutor Queue" [_thread_blocked, id=19820, stack(0x0000007bf1e00000,0x0000007bf1f00000)]
  0x000001ecd5bb8800 JavaThread "WorkerExecutor Queue Thread 2" [_thread_blocked, id=18224, stack(0x0000007bf2a00000,0x0000007bf2b00000)]

Other Threads:
  0x000001ecce774000 VMThread "VM Thread" [stack: 0x0000007be9b00000,0x0000007be9c00000] [id=15216]
  0x000001eccf16c000 WatcherThread [stack: 0x0000007bea500000,0x0000007bea600000] [id=17368]
  0x000001ecb42bf800 GCTaskThread "GC Thread#0" [stack: 0x0000007be9600000,0x0000007be9700000] [id=13556]
  0x000001ecd0101800 GCTaskThread "GC Thread#1" [stack: 0x0000007bea700000,0x0000007bea800000] [id=9268]
  0x000001ecd0410000 GCTaskThread "GC Thread#2" [stack: 0x0000007bea800000,0x0000007bea900000] [id=14956]
  0x000001eccfc13000 GCTaskThread "GC Thread#3" [stack: 0x0000007beb200000,0x0000007beb300000] [id=19304]
  0x000001eccfcde800 GCTaskThread "GC Thread#4" [stack: 0x0000007beb300000,0x0000007beb400000] [id=17440]
  0x000001ecd29cf800 GCTaskThread "GC Thread#5" [stack: 0x0000007beb400000,0x0000007beb500000] [id=17832]
  0x000001eccfbb8000 GCTaskThread "GC Thread#6" [stack: 0x0000007beb500000,0x0000007beb600000] [id=12332]
  0x000001ecd1f59800 GCTaskThread "GC Thread#7" [stack: 0x0000007beb600000,0x0000007beb700000] [id=8332]
  0x000001ecb42f4000 ConcurrentGCThread "G1 Main Marker" [stack: 0x0000007be9700000,0x0000007be9800000] [id=15980]
  0x000001ecb42f5000 ConcurrentGCThread "G1 Conc#0" [stack: 0x0000007be9800000,0x0000007be9900000] [id=12076]
  0x000001ecd1ab7800 ConcurrentGCThread "G1 Conc#1" [stack: 0x0000007beb900000,0x0000007beba00000] [id=20012]
  0x000001ecce5bf800 ConcurrentGCThread "G1 Refine#0" [stack: 0x0000007be9900000,0x0000007be9a00000] [id=17536]
  0x000001ecce5c0800 ConcurrentGCThread "G1 Young RemSet Sampling" [stack: 0x0000007be9a00000,0x0000007be9b00000] [id=11764]

Threads with active compile tasks:
C2 CompilerThread0    26684 12127       4       com.google.common.collect.ImmutableSortedMap$Builder::build (87 bytes)
C2 CompilerThread1    26684 12037       4       org.gradle.api.internal.artifacts.transform.ConsumerProvidedVariantFinder::matchAttributes (68 bytes)

VM state:at safepoint (normal execution)

VM Mutex/Monitor currently owned by a thread:  ([mutex/lock_event])
[0x000001ecb42a9c70] Threads_lock - owner thread: 0x000001ecce774000
[0x000001ecb42a83b0] Heap_lock - owner thread: 0x000001ecd5bbe800

Heap address: 0x0000000080000000, size: 2048 MB, Compressed Oops mode: 32-bit
Narrow klass base: 0x0000000000000000, Narrow klass shift: 3
Compressed class space size: 1073741824 Address: 0x0000000100000000

Heap:
 garbage-first heap   total 187392K, used 101642K [0x0000000080000000, 0x0000000100000000)
  region size 1024K, 4 young (4096K), 4 survivors (4096K)
 Metaspace       used 95463K, capacity 98004K, committed 98352K, reserved 1134592K
  class space    used 12358K, capacity 13315K, committed 13440K, reserved 1048576K
Heap Regions: E=young(eden), S=young(survivor), O=old, HS=humongous(starts), HC=humongous(continues), CS=collection set, F=free, A=archive, TAMS=top-at-mark-start (previous, next)
|   0|0x0000000080000000, 0x0000000080100000, 0x0000000080100000|100%| O|  |TAMS 0x0000000080100000, 0x0000000080000000| Untracked 
|   1|0x0000000080100000, 0x0000000080200000, 0x0000000080200000|100%| O|  |TAMS 0x0000000080200000, 0x0000000080100000| Untracked 
|   2|0x0000000080200000, 0x0000000080300000, 0x0000000080300000|100%| O|  |TAMS 0x0000000080300000, 0x0000000080200000| Untracked 
|   3|0x0000000080300000, 0x0000000080400000, 0x0000000080400000|100%|HS|  |TAMS 0x0000000080400000, 0x0000000080300000| Complete 
|   4|0x0000000080400000, 0x0000000080500000, 0x0000000080500000|100%|HC|  |TAMS 0x0000000080500000, 0x0000000080400000| Complete 
|   5|0x0000000080500000, 0x0000000080600000, 0x0000000080600000|100%|HC|  |TAMS 0x0000000080600000, 0x0000000080500000| Complete 
|   6|0x0000000080600000, 0x0000000080700000, 0x0000000080700000|100%| O|  |TAMS 0x0000000080700000, 0x0000000080600000| Untracked 
|   7|0x0000000080700000, 0x0000000080800000, 0x0000000080800000|100%| O|  |TAMS 0x0000000080800000, 0x0000000080700000| Untracked 
|   8|0x0000000080800000, 0x0000000080900000, 0x0000000080900000|100%| O|  |TAMS 0x0000000080900000, 0x0000000080800000| Untracked 
|   9|0x0000000080900000, 0x0000000080a00000, 0x0000000080a00000|100%| O|  |TAMS 0x0000000080a00000, 0x0000000080900000| Untracked 
|  10|0x0000000080a00000, 0x0000000080b00000, 0x0000000080b00000|100%| O|  |TAMS 0x0000000080b00000, 0x0000000080a00000| Untracked 
|  11|0x0000000080b00000, 0x0000000080c00000, 0x0000000080c00000|100%| O|  |TAMS 0x0000000080c00000, 0x0000000080b00000| Untracked 
|  12|0x0000000080c00000, 0x0000000080d00000, 0x0000000080d00000|100%| O|  |TAMS 0x0000000080d00000, 0x0000000080c00000| Untracked 
|  13|0x0000000080d00000, 0x0000000080e00000, 0x0000000080e00000|100%| O|  |TAMS 0x0000000080e00000, 0x0000000080d00000| Untracked 
|  14|0x0000000080e00000, 0x0000000080f00000, 0x0000000080f00000|100%| O|  |TAMS 0x0000000080f00000, 0x0000000080e00000| Untracked 
|  15|0x0000000080f00000, 0x0000000081000000, 0x0000000081000000|100%| O|  |TAMS 0x0000000081000000, 0x0000000080f00000| Untracked 
|  16|0x0000000081000000, 0x0000000081100000, 0x0000000081100000|100%| O|  |TAMS 0x0000000081100000, 0x0000000081000000| Untracked 
|  17|0x0000000081100000, 0x0000000081200000, 0x0000000081200000|100%| O|  |TAMS 0x0000000081200000, 0x0000000081100000| Untracked 
|  18|0x0000000081200000, 0x0000000081300000, 0x0000000081300000|100%| O|  |TAMS 0x0000000081300000, 0x0000000081200000| Untracked 
|  19|0x0000000081300000, 0x0000000081400000, 0x0000000081400000|100%|HS|  |TAMS 0x0000000081400000, 0x0000000081300000| Complete 
|  20|0x0000000081400000, 0x0000000081500000, 0x0000000081500000|100%| O|  |TAMS 0x0000000081500000, 0x0000000081400000| Untracked 
|  21|0x0000000081500000, 0x0000000081600000, 0x0000000081600000|100%| O|  |TAMS 0x0000000081600000, 0x0000000081500000| Untracked 
|  22|0x0000000081600000, 0x0000000081700000, 0x0000000081700000|100%| O|  |TAMS 0x0000000081700000, 0x0000000081600000| Untracked 
|  23|0x0000000081700000, 0x0000000081800000, 0x0000000081800000|100%| O|  |TAMS 0x0000000081800000, 0x0000000081700000| Untracked 
|  24|0x0000000081800000, 0x0000000081900000, 0x0000000081900000|100%| O|  |TAMS 0x0000000081900000, 0x0000000081800000| Untracked 
|  25|0x0000000081900000, 0x0000000081a00000, 0x0000000081a00000|100%| O|  |TAMS 0x0000000081a00000, 0x0000000081900000| Untracked 
|  26|0x0000000081a00000, 0x0000000081b00000, 0x0000000081b00000|100%| O|  |TAMS 0x0000000081b00000, 0x0000000081a00000| Untracked 
|  27|0x0000000081b00000, 0x0000000081c00000, 0x0000000081c00000|100%| O|  |TAMS 0x0000000081c00000, 0x0000000081b00000| Untracked 
|  28|0x0000000081c00000, 0x0000000081d00000, 0x0000000081d00000|100%| O|  |TAMS 0x0000000081d00000, 0x0000000081c00000| Untracked 
|  29|0x0000000081d00000, 0x0000000081e00000, 0x0000000081e00000|100%|HS|  |TAMS 0x0000000081e00000, 0x0000000081d00000| Complete 
|  30|0x0000000081e00000, 0x0000000081f00000, 0x0000000081f00000|100%|HC|  |TAMS 0x0000000081f00000, 0x0000000081e00000| Complete 
|  31|0x0000000081f00000, 0x0000000082000000, 0x0000000082000000|100%|HS|  |TAMS 0x0000000082000000, 0x0000000081f00000| Complete 
|  32|0x0000000082000000, 0x0000000082100000, 0x0000000082100000|100%|HS|  |TAMS 0x0000000082100000, 0x0000000082000000| Complete 
|  33|0x0000000082100000, 0x0000000082200000, 0x0000000082200000|100%|HC|  |TAMS 0x0000000082200000, 0x0000000082100000| Complete 
|  34|0x0000000082200000, 0x0000000082300000, 0x0000000082300000|100%|HC|  |TAMS 0x0000000082300000, 0x0000000082200000| Complete 
|  35|0x0000000082300000, 0x0000000082400000, 0x0000000082400000|100%|HC|  |TAMS 0x0000000082400000, 0x0000000082300000| Complete 
|  36|0x0000000082400000, 0x0000000082500000, 0x0000000082500000|100%| O|  |TAMS 0x0000000082500000, 0x0000000082400000| Untracked 
|  37|0x0000000082500000, 0x0000000082600000, 0x0000000082600000|100%| O|  |TAMS 0x0000000082600000, 0x0000000082500000| Untracked 
|  38|0x0000000082600000, 0x0000000082700000, 0x0000000082700000|100%| O|  |TAMS 0x0000000082700000, 0x0000000082600000| Untracked 
|  39|0x0000000082700000, 0x0000000082800000, 0x0000000082800000|100%| O|  |TAMS 0x0000000082800000, 0x0000000082700000| Untracked 
|  40|0x0000000082800000, 0x0000000082900000, 0x0000000082900000|100%| O|  |TAMS 0x0000000082900000, 0x0000000082800000| Untracked 
|  41|0x0000000082900000, 0x0000000082a00000, 0x0000000082a00000|100%| O|  |TAMS 0x0000000082a00000, 0x0000000082900000| Untracked 
|  42|0x0000000082a00000, 0x0000000082b00000, 0x0000000082b00000|100%| O|  |TAMS 0x0000000082b00000, 0x0000000082a00000| Untracked 
|  43|0x0000000082b00000, 0x0000000082c00000, 0x0000000082c00000|100%| O|  |TAMS 0x0000000082c00000, 0x0000000082b00000| Untracked 
|  44|0x0000000082c00000, 0x0000000082d00000, 0x0000000082d00000|100%| O|  |TAMS 0x0000000082d00000, 0x0000000082c00000| Untracked 
|  45|0x0000000082d00000, 0x0000000082e00000, 0x0000000082e00000|100%| O|  |TAMS 0x0000000082e00000, 0x0000000082d00000| Untracked 
|  46|0x0000000082e00000, 0x0000000082f00000, 0x0000000082f00000|100%| O|  |TAMS 0x0000000082f00000, 0x0000000082e00000| Untracked 
|  47|0x0000000082f00000, 0x0000000083000000, 0x0000000083000000|100%| O|  |TAMS 0x0000000083000000, 0x0000000082f00000| Untracked 
|  48|0x0000000083000000, 0x0000000083100000, 0x0000000083100000|100%| O|  |TAMS 0x0000000083100000, 0x0000000083000000| Untracked 
|  49|0x0000000083100000, 0x0000000083200000, 0x0000000083200000|100%| O|  |TAMS 0x0000000083200000, 0x0000000083100000| Untracked 
|  50|0x0000000083200000, 0x0000000083300000, 0x0000000083300000|100%| O|  |TAMS 0x0000000083300000, 0x0000000083200000| Untracked 
|  51|0x0000000083300000, 0x0000000083400000, 0x0000000083400000|100%| O|  |TAMS 0x0000000083400000, 0x0000000083300000| Untracked 
|  52|0x0000000083400000, 0x0000000083500000, 0x0000000083500000|100%| O|  |TAMS 0x0000000083500000, 0x0000000083400000| Untracked 
|  53|0x0000000083500000, 0x0000000083600000, 0x0000000083600000|100%| O|  |TAMS 0x0000000083600000, 0x0000000083500000| Untracked 
|  54|0x0000000083600000, 0x0000000083700000, 0x0000000083700000|100%| O|  |TAMS 0x0000000083700000, 0x0000000083600000| Untracked 
|  55|0x0000000083700000, 0x0000000083800000, 0x0000000083800000|100%| O|  |TAMS 0x0000000083800000, 0x0000000083700000| Untracked 
|  56|0x0000000083800000, 0x0000000083900000, 0x0000000083900000|100%| O|  |TAMS 0x0000000083900000, 0x0000000083800000| Untracked 
|  57|0x0000000083900000, 0x0000000083a00000, 0x0000000083a00000|100%| O|  |TAMS 0x0000000083a00000, 0x0000000083900000| Untracked 
|  58|0x0000000083a00000, 0x0000000083b00000, 0x0000000083b00000|100%| O|  |TAMS 0x0000000083b00000, 0x0000000083a00000| Untracked 
|  59|0x0000000083b00000, 0x0000000083c00000, 0x0000000083c00000|100%| O|  |TAMS 0x0000000083c00000, 0x0000000083b00000| Untracked 
|  60|0x0000000083c00000, 0x0000000083d00000, 0x0000000083d00000|100%| O|  |TAMS 0x0000000083d00000, 0x0000000083c00000| Untracked 
|  61|0x0000000083d00000, 0x0000000083e00000, 0x0000000083e00000|100%| O|  |TAMS 0x0000000083e00000, 0x0000000083d00000| Untracked 
|  62|0x0000000083e00000, 0x0000000083f00000, 0x0000000083f00000|100%| O|  |TAMS 0x0000000083f00000, 0x0000000083e00000| Untracked 
|  63|0x0000000083f00000, 0x0000000084000000, 0x0000000084000000|100%| O|  |TAMS 0x0000000084000000, 0x0000000083f00000| Untracked 
|  64|0x0000000084000000, 0x0000000084100000, 0x0000000084100000|100%| O|  |TAMS 0x0000000084100000, 0x0000000084000000| Untracked 
|  65|0x0000000084100000, 0x0000000084200000, 0x0000000084200000|100%| O|  |TAMS 0x0000000084200000, 0x0000000084100000| Untracked 
|  66|0x0000000084200000, 0x0000000084300000, 0x0000000084300000|100%| O|  |TAMS 0x0000000084300000, 0x0000000084200000| Untracked 
|  67|0x0000000084300000, 0x0000000084400000, 0x0000000084400000|100%| O|  |TAMS 0x0000000084400000, 0x0000000084300000| Untracked 
|  68|0x0000000084400000, 0x0000000084500000, 0x0000000084500000|100%| O|  |TAMS 0x0000000084500000, 0x0000000084400000| Untracked 
|  69|0x0000000084500000, 0x0000000084600000, 0x0000000084600000|100%| O|  |TAMS 0x0000000084600000, 0x0000000084500000| Untracked 
|  70|0x0000000084600000, 0x0000000084700000, 0x0000000084700000|100%| O|  |TAMS 0x0000000084700000, 0x0000000084600000| Untracked 
|  71|0x0000000084700000, 0x0000000084800000, 0x0000000084800000|100%| O|  |TAMS 0x0000000084800000, 0x0000000084700000| Untracked 
|  72|0x0000000084800000, 0x0000000084900000, 0x0000000084900000|100%| O|  |TAMS 0x0000000084900000, 0x0000000084800000| Untracked 
|  73|0x0000000084900000, 0x0000000084a00000, 0x0000000084a00000|100%| O|  |TAMS 0x0000000084a00000, 0x0000000084900000| Untracked 
|  74|0x0000000084a00000, 0x0000000084b00000, 0x0000000084b00000|100%| O|  |TAMS 0x0000000084b00000, 0x0000000084a00000| Untracked 
|  75|0x0000000084b00000, 0x0000000084c00000, 0x0000000084c00000|100%| O|  |TAMS 0x0000000084c00000, 0x0000000084b00000| Untracked 
|  76|0x0000000084c00000, 0x0000000084d00000, 0x0000000084d00000|100%| O|  |TAMS 0x0000000084d00000, 0x0000000084c00000| Untracked 
|  77|0x0000000084d00000, 0x0000000084e00000, 0x0000000084e00000|100%| O|  |TAMS 0x0000000084e00000, 0x0000000084d00000| Untracked 
|  78|0x0000000084e00000, 0x0000000084f00000, 0x0000000084f00000|100%| O|  |TAMS 0x0000000084f00000, 0x0000000084e00000| Untracked 
|  79|0x0000000084f00000, 0x0000000085000000, 0x0000000085000000|100%| O|  |TAMS 0x0000000085000000, 0x0000000084f00000| Untracked 
|  80|0x0000000085000000, 0x0000000085100000, 0x0000000085100000|100%| O|  |TAMS 0x0000000085100000, 0x0000000085000000| Untracked 
|  81|0x0000000085100000, 0x0000000085200000, 0x0000000085200000|100%| O|  |TAMS 0x0000000085200000, 0x0000000085100000| Untracked 
|  82|0x0000000085200000, 0x0000000085300000, 0x0000000085300000|100%| O|  |TAMS 0x0000000085300000, 0x0000000085200000| Untracked 
|  83|0x0000000085300000, 0x0000000085400000, 0x0000000085400000|100%| O|  |TAMS 0x0000000085400000, 0x0000000085300000| Untracked 
|  84|0x0000000085400000, 0x0000000085500000, 0x0000000085500000|100%| O|  |TAMS 0x0000000085500000, 0x0000000085400000| Untracked 
|  85|0x0000000085500000, 0x0000000085600000, 0x0000000085600000|100%| O|  |TAMS 0x0000000085600000, 0x0000000085500000| Untracked 
|  86|0x0000000085600000, 0x0000000085700000, 0x0000000085700000|100%| O|  |TAMS 0x0000000085700000, 0x0000000085600000| Untracked 
|  87|0x0000000085700000, 0x0000000085800000, 0x0000000085800000|100%| O|  |TAMS 0x0000000085800000, 0x0000000085700000| Untracked 
|  88|0x0000000085800000, 0x0000000085900000, 0x0000000085900000|100%| O|  |TAMS 0x0000000085900000, 0x0000000085800000| Untracked 
|  89|0x0000000085900000, 0x0000000085a00000, 0x0000000085a00000|100%| O|  |TAMS 0x0000000085a00000, 0x0000000085900000| Untracked 
|  90|0x0000000085a00000, 0x0000000085b00000, 0x0000000085b00000|100%| O|  |TAMS 0x0000000085b00000, 0x0000000085a00000| Untracked 
|  91|0x0000000085b00000, 0x0000000085c00000, 0x0000000085c00000|100%| O|  |TAMS 0x0000000085c00000, 0x0000000085b00000| Untracked 
|  92|0x0000000085c00000, 0x0000000085d00000, 0x0000000085d00000|100%| O|  |TAMS 0x0000000085d00000, 0x0000000085c00000| Untracked 
|  93|0x0000000085d00000, 0x0000000085e00000, 0x0000000085e00000|100%| O|  |TAMS 0x0000000085dd8400, 0x0000000085d00000| Untracked 
|  94|0x0000000085e00000, 0x0000000085f00000, 0x0000000085f00000|100%| O|  |TAMS 0x0000000085e00000, 0x0000000085e00000| Untracked 
|  95|0x0000000085f00000, 0x0000000085fdf000, 0x0000000086000000| 87%| O|  |TAMS 0x0000000085f00000, 0x0000000085f00000| Untracked 
|  96|0x0000000086000000, 0x0000000086000000, 0x0000000086100000|  0%| F|  |TAMS 0x0000000086000000, 0x0000000086000000| Untracked 
|  97|0x0000000086100000, 0x0000000086100000, 0x0000000086200000|  0%| F|  |TAMS 0x0000000086100000, 0x0000000086100000| Untracked 
|  98|0x0000000086200000, 0x0000000086200000, 0x0000000086300000|  0%| F|  |TAMS 0x0000000086200000, 0x0000000086200000| Untracked 
|  99|0x0000000086300000, 0x0000000086300000, 0x0000000086400000|  0%| F|  |TAMS 0x0000000086300000, 0x0000000086300000| Untracked 
| 100|0x0000000086400000, 0x0000000086400000, 0x0000000086500000|  0%| F|  |TAMS 0x0000000086400000, 0x0000000086400000| Untracked 
| 101|0x0000000086500000, 0x0000000086500000, 0x0000000086600000|  0%| F|  |TAMS 0x0000000086500000, 0x0000000086500000| Untracked 
| 102|0x0000000086600000, 0x0000000086600000, 0x0000000086700000|  0%| F|  |TAMS 0x0000000086600000, 0x0000000086600000| Untracked 
| 103|0x0000000086700000, 0x0000000086700000, 0x0000000086800000|  0%| F|  |TAMS 0x0000000086700000, 0x0000000086700000| Untracked 
| 104|0x0000000086800000, 0x0000000086800000, 0x0000000086900000|  0%| F|  |TAMS 0x0000000086800000, 0x0000000086800000| Untracked 
| 105|0x0000000086900000, 0x0000000086900000, 0x0000000086a00000|  0%| F|  |TAMS 0x0000000086900000, 0x0000000086900000| Untracked 
| 106|0x0000000086a00000, 0x0000000086a00000, 0x0000000086b00000|  0%| F|  |TAMS 0x0000000086a00000, 0x0000000086a00000| Untracked 
| 107|0x0000000086b00000, 0x0000000086b00000, 0x0000000086c00000|  0%| F|  |TAMS 0x0000000086b00000, 0x0000000086b00000| Untracked 
| 108|0x0000000086c00000, 0x0000000086c00000, 0x0000000086d00000|  0%| F|  |TAMS 0x0000000086c00000, 0x0000000086c00000| Untracked 
| 109|0x0000000086d00000, 0x0000000086d00000, 0x0000000086e00000|  0%| F|  |TAMS 0x0000000086d00000, 0x0000000086d00000| Untracked 
| 110|0x0000000086e00000, 0x0000000086e00000, 0x0000000086f00000|  0%| F|  |TAMS 0x0000000086e00000, 0x0000000086e00000| Untracked 
| 111|0x0000000086f00000, 0x0000000086f00000, 0x0000000087000000|  0%| F|  |TAMS 0x0000000086f00000, 0x0000000086f00000| Untracked 
| 112|0x0000000087000000, 0x0000000087000000, 0x0000000087100000|  0%| F|  |TAMS 0x0000000087000000, 0x0000000087000000| Untracked 
| 113|0x0000000087100000, 0x0000000087100000, 0x0000000087200000|  0%| F|  |TAMS 0x0000000087100000, 0x0000000087100000| Untracked 
| 114|0x0000000087200000, 0x0000000087200000, 0x0000000087300000|  0%| F|  |TAMS 0x0000000087200000, 0x0000000087200000| Untracked 
| 115|0x0000000087300000, 0x0000000087363b80, 0x0000000087400000| 38%| S|CS|TAMS 0x0000000087300000, 0x0000000087300000| Complete 
| 116|0x0000000087400000, 0x0000000087500000, 0x0000000087500000|100%| S|CS|TAMS 0x0000000087400000, 0x0000000087400000| Complete 
| 117|0x0000000087500000, 0x0000000087500000, 0x0000000087600000|  0%| F|  |TAMS 0x0000000087500000, 0x0000000087500000| Untracked 
| 118|0x0000000087600000, 0x0000000087600000, 0x0000000087700000|  0%| F|  |TAMS 0x0000000087600000, 0x0000000087600000| Untracked 
| 119|0x0000000087700000, 0x0000000087700000, 0x0000000087800000|  0%| F|  |TAMS 0x0000000087700000, 0x0000000087700000| Untracked 
| 120|0x0000000087800000, 0x0000000087900000, 0x0000000087900000|100%| S|CS|TAMS 0x0000000087800000, 0x0000000087800000| Complete 
| 121|0x0000000087900000, 0x0000000087900000, 0x0000000087a00000|  0%| F|  |TAMS 0x0000000087900000, 0x0000000087900000| Untracked 
| 122|0x0000000087a00000, 0x0000000087b00000, 0x0000000087b00000|100%| S|CS|TAMS 0x0000000087a00000, 0x0000000087a00000| Complete 
| 123|0x0000000087b00000, 0x0000000087b00000, 0x0000000087c00000|  0%| F|  |TAMS 0x0000000087b00000, 0x0000000087b00000| Untracked 
| 124|0x0000000087c00000, 0x0000000087c00000, 0x0000000087d00000|  0%| F|  |TAMS 0x0000000087c00000, 0x0000000087c00000| Untracked 
| 125|0x0000000087d00000, 0x0000000087d00000, 0x0000000087e00000|  0%| F|  |TAMS 0x0000000087d00000, 0x0000000087d00000| Untracked 
| 126|0x0000000087e00000, 0x0000000087e00000, 0x0000000087f00000|  0%| F|  |TAMS 0x0000000087e00000, 0x0000000087e00000| Untracked 
| 127|0x0000000087f00000, 0x0000000087f00000, 0x0000000088000000|  0%| F|  |TAMS 0x0000000087f00000, 0x0000000087f00000| Untracked 
| 128|0x0000000088000000, 0x0000000088000000, 0x0000000088100000|  0%| F|  |TAMS 0x0000000088000000, 0x0000000088000000| Untracked 
| 129|0x0000000088100000, 0x0000000088100000, 0x0000000088200000|  0%| F|  |TAMS 0x0000000088100000, 0x0000000088100000| Untracked 
| 130|0x0000000088200000, 0x0000000088200000, 0x0000000088300000|  0%| F|  |TAMS 0x0000000088200000, 0x0000000088200000| Untracked 
| 131|0x0000000088300000, 0x0000000088300000, 0x0000000088400000|  0%| F|  |TAMS 0x0000000088300000, 0x0000000088300000| Untracked 
| 132|0x0000000088400000, 0x0000000088400000, 0x0000000088500000|  0%| F|  |TAMS 0x0000000088400000, 0x0000000088400000| Untracked 
| 133|0x0000000088500000, 0x0000000088500000, 0x0000000088600000|  0%| F|  |TAMS 0x0000000088500000, 0x0000000088500000| Untracked 
| 134|0x0000000088600000, 0x0000000088600000, 0x0000000088700000|  0%| F|  |TAMS 0x0000000088600000, 0x0000000088600000| Untracked 
| 135|0x0000000088700000, 0x0000000088700000, 0x0000000088800000|  0%| F|  |TAMS 0x0000000088700000, 0x0000000088700000| Untracked 
| 136|0x0000000088800000, 0x0000000088800000, 0x0000000088900000|  0%| F|  |TAMS 0x0000000088800000, 0x0000000088800000| Untracked 
| 137|0x0000000088900000, 0x0000000088900000, 0x0000000088a00000|  0%| F|  |TAMS 0x0000000088900000, 0x0000000088900000| Untracked 
| 138|0x0000000088a00000, 0x0000000088a00000, 0x0000000088b00000|  0%| F|  |TAMS 0x0000000088a00000, 0x0000000088a00000| Untracked 
| 139|0x0000000088b00000, 0x0000000088b00000, 0x0000000088c00000|  0%| F|  |TAMS 0x0000000088b00000, 0x0000000088b00000| Untracked 
| 140|0x0000000088c00000, 0x0000000088c00000, 0x0000000088d00000|  0%| F|  |TAMS 0x0000000088c00000, 0x0000000088c00000| Untracked 
| 141|0x0000000088d00000, 0x0000000088d00000, 0x0000000088e00000|  0%| F|  |TAMS 0x0000000088d00000, 0x0000000088d00000| Untracked 
| 142|0x0000000088e00000, 0x0000000088e00000, 0x0000000088f00000|  0%| F|  |TAMS 0x0000000088e00000, 0x0000000088e00000| Untracked 
| 143|0x0000000088f00000, 0x0000000088f00000, 0x0000000089000000|  0%| F|  |TAMS 0x0000000088f00000, 0x0000000088f00000| Untracked 
| 144|0x0000000089000000, 0x0000000089000000, 0x0000000089100000|  0%| F|  |TAMS 0x0000000089000000, 0x0000000089000000| Untracked 
| 145|0x0000000089100000, 0x0000000089100000, 0x0000000089200000|  0%| F|  |TAMS 0x0000000089100000, 0x0000000089100000| Untracked 
| 146|0x0000000089200000, 0x0000000089200000, 0x0000000089300000|  0%| F|  |TAMS 0x0000000089200000, 0x0000000089200000| Untracked 
| 147|0x0000000089300000, 0x0000000089300000, 0x0000000089400000|  0%| F|  |TAMS 0x0000000089300000, 0x0000000089300000| Untracked 
| 148|0x0000000089400000, 0x0000000089400000, 0x0000000089500000|  0%| F|  |TAMS 0x0000000089400000, 0x0000000089400000| Untracked 
| 149|0x0000000089500000, 0x0000000089500000, 0x0000000089600000|  0%| F|  |TAMS 0x0000000089500000, 0x0000000089500000| Untracked 
| 150|0x0000000089600000, 0x0000000089600000, 0x0000000089700000|  0%| F|  |TAMS 0x0000000089600000, 0x0000000089600000| Untracked 
| 151|0x0000000089700000, 0x0000000089700000, 0x0000000089800000|  0%| F|  |TAMS 0x0000000089700000, 0x0000000089700000| Untracked 

Card table byte_map: [0x000001ecc7500000,0x000001ecc7900000] _byte_map_base: 0x000001ecc7100000

Marking Bits (Prev, Next): (CMBitMap*) 0x000001ecb42ea510, (CMBitMap*) 0x000001ecb42ea4d8
 Prev Bits: [0x000001ecc9d00000, 0x000001eccbd00000)
 Next Bits: [0x000001ecc7d00000, 0x000001ecc9d00000)

Polling page: 0x000001ecb2070000

Metaspace:

Usage:
  Non-class:     82.70 MB capacity,    81.16 MB ( 98%) used,     1.25 MB (  2%) free+waste,   306.31 KB ( <1%) overhead. 
      Class:     13.00 MB capacity,    12.07 MB ( 93%) used,   817.74 KB (  6%) free+waste,   138.31 KB (  1%) overhead. 
       Both:     95.71 MB capacity,    93.23 MB ( 97%) used,     2.05 MB (  2%) free+waste,   444.62 KB ( <1%) overhead. 

Virtual space:
  Non-class space:       84.00 MB reserved,      82.92 MB ( 99%) committed 
      Class space:        1.00 GB reserved,      13.12 MB (  1%) committed 
             Both:        1.08 GB reserved,      96.05 MB (  9%) committed 

Chunk freelists:
   Non-Class:  159.00 KB
       Class:  125.00 KB
        Both:  284.00 KB

MaxMetaspaceSize: 17179869184.00 GB
CompressedClassSpaceSize: 1.00 GB
Initial GC threshold: 20.80 MB
Current GC threshold: 158.20 MB
CDS: off

CodeHeap 'non-profiled nmethods': size=120000Kb used=7590Kb max_used=7590Kb free=112409Kb
 bounds [0x000001ecbf8a0000, 0x000001ecc0010000, 0x000001ecc6dd0000]
CodeHeap 'profiled nmethods': size=120000Kb used=26344Kb max_used=26344Kb free=93655Kb
 bounds [0x000001ecb8370000, 0x000001ecb9d30000, 0x000001ecbf8a0000]
CodeHeap 'non-nmethods': size=5760Kb used=2406Kb max_used=2458Kb free=3353Kb
 bounds [0x000001ecb7dd0000, 0x000001ecb8050000, 0x000001ecb8370000]
 total_blobs=13014 nmethods=12088 adapters=838
 compilation: enabled
              stopped_count=0, restarted_count=0
 full_count=0

Compilation events (20 events):
Event: 26.495 Thread 0x000001eccefed000 12145   !   3       java.io.ObjectStreamClass::invokeWriteObject (79 bytes)
Event: 26.496 Thread 0x000001eccefed000 nmethod 12145 0x000001ecb9d25090 code [0x000001ecb9d25340, 0x000001ecb9d260e8]
Event: 26.497 Thread 0x000001eccefed000 12146       1       org.gradle.api.internal.tasks.properties.DefaultTaskProperties::getInputFileProperties (5 bytes)
Event: 26.497 Thread 0x000001eccefed000 nmethod 12146 0x000001ecc0002610 code [0x000001ecc00027c0, 0x000001ecc0002878]
Event: 26.498 Thread 0x000001eccefed000 12147       3       org.gradle.api.internal.tasks.properties.AbstractValidatingProperty::<init> (26 bytes)
Event: 26.498 Thread 0x000001eccefed000 nmethod 12147 0x000001ecb9d26610 code [0x000001ecb9d267c0, 0x000001ecb9d26a38]
Event: 26.513 Thread 0x000001eccefed000 12148       3       java.nio.channels.spi.AbstractSelectableChannel::isBlocking (13 bytes)
Event: 26.513 Thread 0x000001eccefed000 nmethod 12148 0x000001ecb9d26b10 code [0x000001ecb9d26cc0, 0x000001ecb9d26e18]
Event: 26.582 Thread 0x000001eccefed000 12149       3       kotlin.reflect.jvm.internal.ReflectProperties::lazySoft (18 bytes)
Event: 26.583 Thread 0x000001eccefed000 nmethod 12149 0x000001ecb9d26e90 code [0x000001ecb9d27060, 0x000001ecb9d27258]
Event: 26.583 Thread 0x000001eccefed000 12150       3       kotlin.reflect.jvm.internal.ReflectProperties$LazySoftVal::<init> (43 bytes)
Event: 26.584 Thread 0x000001eccefed000 nmethod 12150 0x000001ecb9d27390 code [0x000001ecb9d276a0, 0x000001ecb9d28938]
Event: 26.584 Thread 0x000001eccefed000 12151       3       kotlin.reflect.jvm.internal.ReflectProperties::lazySoft (14 bytes)
Event: 26.584 Thread 0x000001eccefed000 nmethod 12151 0x000001ecb9d28e90 code [0x000001ecb9d29080, 0x000001ecb9d29348]
Event: 26.602 Thread 0x000001eccefed000 12152       3       kotlin.reflect.jvm.internal.impl.renderer.DescriptorRendererOptionsImpl::property (20 bytes)
Event: 26.602 Thread 0x000001eccefed000 nmethod 12152 0x000001ecb9d29490 code [0x000001ecb9d29660, 0x000001ecb9d29998]
Event: 26.602 Thread 0x000001eccefed000 12153       3       kotlin.reflect.jvm.internal.impl.renderer.DescriptorRendererOptionsImpl$property$$inlined$vetoable$1::<init> (11 bytes)
Event: 26.603 Thread 0x000001eccefed000 nmethod 12153 0x000001ecb9d29b10 code [0x000001ecb9d29ce0, 0x000001ecb9d29f58]
Event: 26.611 Thread 0x000001eccefe4000 nmethod 12116 0x000001ecc0002910 code [0x000001ecc0002f60, 0x000001ecc0007058]
Event: 26.612 Thread 0x000001eccefe4000 12127       4       com.google.common.collect.ImmutableSortedMap$Builder::build (87 bytes)

GC Heap History (20 events):
Event: 21.145 GC heap before
{Heap before GC invocations=28 (full 0):
 garbage-first heap   total 129024K, used 108236K [0x0000000080000000, 0x0000000100000000)
  region size 1024K, 38 young (38912K), 5 survivors (5120K)
 Metaspace       used 84778K, capacity 86856K, committed 87088K, reserved 1124352K
  class space    used 11063K, capacity 11860K, committed 11904K, reserved 1048576K
}
Event: 21.153 GC heap after
{Heap after GC invocations=29 (full 0):
 garbage-first heap   total 129024K, used 77470K [0x0000000080000000, 0x0000000100000000)
  region size 1024K, 5 young (5120K), 5 survivors (5120K)
 Metaspace       used 84778K, capacity 86856K, committed 87088K, reserved 1124352K
  class space    used 11063K, capacity 11860K, committed 11904K, reserved 1048576K
}
Event: 21.398 GC heap before
{Heap before GC invocations=29 (full 0):
 garbage-first heap   total 129024K, used 108190K [0x0000000080000000, 0x0000000100000000)
  region size 1024K, 35 young (35840K), 5 survivors (5120K)
 Metaspace       used 84941K, capacity 87043K, committed 87088K, reserved 1124352K
  class space    used 11078K, capacity 11899K, committed 11904K, reserved 1048576K
}
Event: 21.414 GC heap after
{Heap after GC invocations=30 (full 0):
 garbage-first heap   total 129024K, used 82381K [0x0000000080000000, 0x0000000100000000)
  region size 1024K, 5 young (5120K), 5 survivors (5120K)
 Metaspace       used 84941K, capacity 87043K, committed 87088K, reserved 1124352K
  class space    used 11078K, capacity 11899K, committed 11904K, reserved 1048576K
}
Event: 21.638 GC heap before
{Heap before GC invocations=31 (full 0):
 garbage-first heap   total 129024K, used 107981K [0x0000000080000000, 0x0000000100000000)
  region size 1024K, 30 young (30720K), 5 survivors (5120K)
 Metaspace       used 85033K, capacity 87123K, committed 87472K, reserved 1124352K
  class space    used 11090K, capacity 11905K, committed 12032K, reserved 1048576K
}
Event: 21.644 GC heap after
{Heap after GC invocations=32 (full 0):
 garbage-first heap   total 129024K, used 86371K [0x0000000080000000, 0x0000000100000000)
  region size 1024K, 4 young (4096K), 4 survivors (4096K)
 Metaspace       used 85033K, capacity 87123K, committed 87472K, reserved 1124352K
  class space    used 11090K, capacity 11905K, committed 12032K, reserved 1048576K
}
Event: 22.733 GC heap before
{Heap before GC invocations=32 (full 0):
 garbage-first heap   total 129024K, used 107875K [0x0000000080000000, 0x0000000100000000)
  region size 1024K, 25 young (25600K), 4 survivors (4096K)
 Metaspace       used 86743K, capacity 89024K, committed 89264K, reserved 1126400K
  class space    used 11395K, capacity 12262K, committed 12288K, reserved 1048576K
}
Event: 22.745 GC heap after
{Heap after GC invocations=33 (full 0):
 garbage-first heap   total 155648K, used 89178K [0x0000000080000000, 0x0000000100000000)
  region size 1024K, 3 young (3072K), 3 survivors (3072K)
 Metaspace       used 86743K, capacity 89024K, committed 89264K, reserved 1126400K
  class space    used 11395K, capacity 12262K, committed 12288K, reserved 1048576K
}
Event: 23.333 GC heap before
{Heap before GC invocations=34 (full 0):
 garbage-first heap   total 155648K, used 119898K [0x0000000080000000, 0x0000000100000000)
  region size 1024K, 34 young (34816K), 3 survivors (3072K)
 Metaspace       used 87626K, capacity 90106K, committed 90288K, reserved 1126400K
  class space    used 11535K, capacity 12485K, committed 12544K, reserved 1048576K
}
Event: 23.340 GC heap after
{Heap after GC invocations=35 (full 0):
 garbage-first heap   total 155648K, used 91289K [0x0000000080000000, 0x0000000100000000)
  region size 1024K, 5 young (5120K), 5 survivors (5120K)
 Metaspace       used 87626K, capacity 90106K, committed 90288K, reserved 1126400K
  class space    used 11535K, capacity 12485K, committed 12544K, reserved 1048576K
}
Event: 23.877 GC heap before
{Heap before GC invocations=35 (full 0):
 garbage-first heap   total 155648K, used 122009K [0x0000000080000000, 0x0000000100000000)
  region size 1024K, 36 young (36864K), 5 survivors (5120K)
 Metaspace       used 89541K, capacity 92095K, committed 92336K, reserved 1128448K
  class space    used 11732K, capacity 12739K, committed 12800K, reserved 1048576K
}
Event: 23.885 GC heap after
{Heap after GC invocations=36 (full 0):
 garbage-first heap   total 155648K, used 94026K [0x0000000080000000, 0x0000000100000000)
  region size 1024K, 4 young (4096K), 4 survivors (4096K)
 Metaspace       used 89541K, capacity 92095K, committed 92336K, reserved 1128448K
  class space    used 11732K, capacity 12739K, committed 12800K, reserved 1048576K
}
Event: 24.741 GC heap before
{Heap before GC invocations=37 (full 0):
 garbage-first heap   total 155648K, used 123722K [0x0000000080000000, 0x0000000100000000)
  region size 1024K, 34 young (34816K), 4 survivors (4096K)
 Metaspace       used 92177K, capacity 94831K, committed 95024K, reserved 1130496K
  class space    used 12050K, capacity 13073K, committed 13184K, reserved 1048576K
}
Event: 24.745 GC heap after
{Heap after GC invocations=38 (full 0):
 garbage-first heap   total 155648K, used 94407K [0x0000000080000000, 0x0000000100000000)
  region size 1024K, 1 young (1024K), 1 survivors (1024K)
 Metaspace       used 92177K, capacity 94831K, committed 95024K, reserved 1130496K
  class space    used 12050K, capacity 13073K, committed 13184K, reserved 1048576K
}
Event: 25.154 GC heap before
{Heap before GC invocations=38 (full 0):
 garbage-first heap   total 155648K, used 125127K [0x0000000080000000, 0x0000000100000000)
  region size 1024K, 32 young (32768K), 1 survivors (1024K)
 Metaspace       used 93215K, capacity 95913K, committed 96048K, reserved 1132544K
  class space    used 12159K, capacity 13179K, committed 13184K, reserved 1048576K
}
Event: 25.161 GC heap after
{Heap after GC invocations=39 (full 0):
 garbage-first heap   total 155648K, used 96263K [0x0000000080000000, 0x0000000100000000)
  region size 1024K, 3 young (3072K), 3 survivors (3072K)
 Metaspace       used 93215K, capacity 95913K, committed 96048K, reserved 1132544K
  class space    used 12159K, capacity 13179K, committed 13184K, reserved 1048576K
}
Event: 25.932 GC heap before
{Heap before GC invocations=40 (full 0):
 garbage-first heap   total 155648K, used 126983K [0x0000000080000000, 0x0000000100000000)
  region size 1024K, 34 young (34816K), 3 survivors (3072K)
 Metaspace       used 93263K, capacity 95824K, committed 96432K, reserved 1132544K
  class space    used 12086K, capacity 13073K, committed 13312K, reserved 1048576K
}
Event: 25.938 GC heap after
{Heap after GC invocations=41 (full 0):
 garbage-first heap   total 155648K, used 98674K [0x0000000080000000, 0x0000000100000000)
  region size 1024K, 5 young (5120K), 5 survivors (5120K)
 Metaspace       used 93263K, capacity 95824K, committed 96432K, reserved 1132544K
  class space    used 12086K, capacity 13073K, committed 13312K, reserved 1048576K
}
Event: 26.260 GC heap before
{Heap before GC invocations=41 (full 0):
 garbage-first heap   total 155648K, used 128370K [0x0000000080000000, 0x0000000100000000)
  region size 1024K, 35 young (35840K), 5 survivors (5120K)
 Metaspace       used 94124K, capacity 96651K, committed 97200K, reserved 1132544K
  class space    used 12172K, capacity 13121K, committed 13312K, reserved 1048576K
}
Event: 26.268 GC heap after
{Heap after GC invocations=42 (full 0):
 garbage-first heap   total 155648K, used 100652K [0x0000000080000000, 0x0000000100000000)
  region size 1024K, 5 young (5120K), 5 survivors (5120K)
 Metaspace       used 94124K, capacity 96651K, committed 97200K, reserved 1132544K
  class space    used 12172K, capacity 13121K, committed 13312K, reserved 1048576K
}

Deoptimization events (20 events):
Event: 26.122 Thread 0x000001ecd5bbd800 Uncommon trap: trap_request=0xffffff5c fr.pc=0x000001ecbffd06f4 relative=0x0000000000000394
Event: 26.122 Thread 0x000001ecd5bbd800 Uncommon trap: reason=speculate_null_assert action=make_not_entrant pc=0x000001ecbffd06f4 method=org.gradle.tooling.internal.provider.runner.ClientBuildEventGenerator.finished(Lorg/gradle/internal/operations/BuildOperationDescriptor;Lorg/gradle/internal/o
Event: 26.122 Thread 0x000001ecd5bbd800 DEOPT PACKING pc=0x000001ecbffd06f4 sp=0x0000007bf28fe930
Event: 26.122 Thread 0x000001ecd5bbd800 DEOPT UNPACKING pc=0x000001ecb7dd85af sp=0x0000007bf28fe880 mode 2
Event: 26.129 Thread 0x000001ecd5bbe800 Uncommon trap: trap_request=0xffffffd6 fr.pc=0x000001ecbffeefe8 relative=0x0000000000000aa8
Event: 26.129 Thread 0x000001ecd5bbe800 Uncommon trap: reason=array_check action=maybe_recompile pc=0x000001ecbffeefe8 method=com.google.common.collect.RegularImmutableMap.fromEntryArray(I[Ljava/util/Map$Entry;)Lcom/google/common/collect/ImmutableMap; @ 157 c2
Event: 26.129 Thread 0x000001ecd5bbe800 DEOPT PACKING pc=0x000001ecbffeefe8 sp=0x0000007bf1efcfe0
Event: 26.129 Thread 0x000001ecd5bbe800 DEOPT UNPACKING pc=0x000001ecb7dd85af sp=0x0000007bf1efcfa0 mode 2
Event: 26.146 Thread 0x000001ecd5bba800 Uncommon trap: trap_request=0xffffffd6 fr.pc=0x000001ecbffeefe8 relative=0x0000000000000aa8
Event: 26.146 Thread 0x000001ecd5bba800 Uncommon trap: reason=array_check action=maybe_recompile pc=0x000001ecbffeefe8 method=com.google.common.collect.RegularImmutableMap.fromEntryArray(I[Ljava/util/Map$Entry;)Lcom/google/common/collect/ImmutableMap; @ 157 c2
Event: 26.146 Thread 0x000001ecd5bba800 DEOPT PACKING pc=0x000001ecbffeefe8 sp=0x0000007bf22f9d30
Event: 26.147 Thread 0x000001ecd5bba800 DEOPT UNPACKING pc=0x000001ecb7dd85af sp=0x0000007bf22f9cf0 mode 2
Event: 26.334 Thread 0x000001ecd5bbc000 Uncommon trap: trap_request=0xffffffc6 fr.pc=0x000001ecbfbf1788 relative=0x00000000000000c8
Event: 26.334 Thread 0x000001ecd5bbc000 Uncommon trap: reason=bimorphic_or_optimized_type_check action=maybe_recompile pc=0x000001ecbfbf1788 method=com.google.common.collect.RegularImmutableMap.checkNoConflictInKeyBucket(Ljava/lang/Object;Ljava/util/Map$Entry;Lcom/google/common/collect/Immutabl
Event: 26.334 Thread 0x000001ecd5bbc000 DEOPT PACKING pc=0x000001ecbfbf1788 sp=0x0000007bf26fd100
Event: 26.334 Thread 0x000001ecd5bbc000 DEOPT UNPACKING pc=0x000001ecb7dd85af sp=0x0000007bf26fd0a8 mode 2
Event: 26.527 Thread 0x000001ecd5bbe800 Uncommon trap: trap_request=0xffffff4d fr.pc=0x000001ecbffbeac4 relative=0x0000000000001e24
Event: 26.528 Thread 0x000001ecd5bbe800 Uncommon trap: reason=unstable_if action=reinterpret pc=0x000001ecbffbeac4 method=java.io.BufferedReader.readLine(Z)Ljava/lang/String; @ 66 c2
Event: 26.528 Thread 0x000001ecd5bbe800 DEOPT PACKING pc=0x000001ecbffbeac4 sp=0x0000007bf1ef9990
Event: 26.528 Thread 0x000001ecd5bbe800 DEOPT UNPACKING pc=0x000001ecb7dd85af sp=0x0000007bf1ef9988 mode 2

Classes redefined (0 events):
No events

Internal exceptions (20 events):
Event: 23.789 Thread 0x000001ecd5bbb000 Exception <a 'java/lang/NoSuchMethodError'{0x0000000087c1f138}: 'void java.lang.invoke.DirectMethodHandle$Holder.invokeInterface(java.lang.Object, java.lang.Object, java.lang.Object, java.lang.Object)'> (0x0000000087c1f138) thrown at [src/hotspot/share/interpreter/linkResolver.cpp, line 773]
Event: 24.647 Thread 0x000001ecd5bbb000 Implicit null exception at 0x000001ecbff19d20 to 0x000001ecbff19fc0
Event: 24.748 Thread 0x000001ecd5bbb000 Exception <a 'java/lang/NoSuchMethodError'{0x0000000089752250}: 'java.lang.Object java.lang.invoke.DirectMethodHandle$Holder.invokeStatic(java.lang.Object, java.lang.Object, java.lang.Object, java.lang.Object, java.lang.Object, java.lang.Object, java.lang.Object, java.lang.Object, java.lang.Object, java.lang.Object, java.lang.Object, java.lang.Object, java.lang.Object, java.lang.Object, java.lang.Object, int)'> (0x0000000089752250) thrown at [src/hotspot/share/interpreter/linkResolver.cpp, line 773]
Event: 25.632 Thread 0x000001ecd2bee800 Exception <a 'java/lang/NoSuchMethodError'{0x00000000887e77f8}: <clinit>> (0x00000000887e77f8) thrown at [src/hotspot/share/prims/jni.cpp, line 1367]
Event: 25.632 Thread 0x000001ecd2bee800 Exception <a 'java/lang/NoSuchMethodError'{0x00000000887e9240}: <clinit>> (0x00000000887e9240) thrown at [src/hotspot/share/prims/jni.cpp, line 1367]
Event: 25.632 Thread 0x000001ecd2bee800 Exception <a 'java/lang/NoSuchMethodError'{0x00000000887ec940}: <clinit>> (0x00000000887ec940) thrown at [src/hotspot/share/prims/jni.cpp, line 1367]
Event: 25.634 Thread 0x000001ecd2bee800 Exception <a 'java/lang/NoSuchMethodError'{0x0000000088607c20}: <clinit>> (0x0000000088607c20) thrown at [src/hotspot/share/prims/jni.cpp, line 1367]
Event: 25.634 Thread 0x000001ecd2bee800 Exception <a 'java/lang/NoSuchMethodError'{0x0000000088609100}: <clinit>> (0x0000000088609100) thrown at [src/hotspot/share/prims/jni.cpp, line 1367]
Event: 26.101 Thread 0x000001ecd2bee800 Exception <a 'sun/nio/fs/WindowsException'{0x0000000089009f70}> (0x0000000089009f70) thrown at [src/hotspot/share/prims/jni.cpp, line 617]
Event: 26.101 Thread 0x000001ecd2bee800 Exception <a 'sun/nio/fs/WindowsException'{0x000000008900b0f0}> (0x000000008900b0f0) thrown at [src/hotspot/share/prims/jni.cpp, line 617]
Event: 26.102 Thread 0x000001ecd2bee800 Exception <a 'sun/nio/fs/WindowsException'{0x000000008900b4a8}> (0x000000008900b4a8) thrown at [src/hotspot/share/prims/jni.cpp, line 617]
Event: 26.102 Thread 0x000001ecd2bee800 Exception <a 'sun/nio/fs/WindowsException'{0x000000008900c608}> (0x000000008900c608) thrown at [src/hotspot/share/prims/jni.cpp, line 617]
Event: 26.102 Thread 0x000001ecd2bee800 Exception <a 'sun/nio/fs/WindowsException'{0x000000008900c988}> (0x000000008900c988) thrown at [src/hotspot/share/prims/jni.cpp, line 617]
Event: 26.102 Thread 0x000001ecd2bee800 Exception <a 'sun/nio/fs/WindowsException'{0x000000008900db00}> (0x000000008900db00) thrown at [src/hotspot/share/prims/jni.cpp, line 617]
Event: 26.102 Thread 0x000001ecd2bee800 Exception <a 'sun/nio/fs/WindowsException'{0x000000008900de20}> (0x000000008900de20) thrown at [src/hotspot/share/prims/jni.cpp, line 617]
Event: 26.102 Thread 0x000001ecd2bee800 Exception <a 'sun/nio/fs/WindowsException'{0x000000008900ef68}> (0x000000008900ef68) thrown at [src/hotspot/share/prims/jni.cpp, line 617]
Event: 26.102 Thread 0x000001ecd2bee800 Exception <a 'sun/nio/fs/WindowsException'{0x000000008900f288}> (0x000000008900f288) thrown at [src/hotspot/share/prims/jni.cpp, line 617]
Event: 26.112 Thread 0x000001ecd2bee800 Exception <a 'java/lang/NoSuchMethodError'{0x00000000890fc3d0}: <clinit>> (0x00000000890fc3d0) thrown at [src/hotspot/share/prims/jni.cpp, line 1367]
Event: 26.115 Thread 0x000001ecd2bee800 Exception <a 'java/lang/NoSuchMethodError'{0x0000000088f30720}: <clinit>> (0x0000000088f30720) thrown at [src/hotspot/share/prims/jni.cpp, line 1367]
Event: 26.116 Thread 0x000001ecd2bee800 Exception <a 'java/lang/NoSuchMethodError'{0x0000000088f44dc8}: <clinit>> (0x0000000088f44dc8) thrown at [src/hotspot/share/prims/jni.cpp, line 1367]

Events (20 events):
Event: 26.631 loading class kotlin/reflect/jvm/internal/impl/types/ErrorUtils$1
Event: 26.631 loading class kotlin/reflect/jvm/internal/impl/types/ErrorUtils$1 done
Event: 26.631 loading class kotlin/reflect/jvm/internal/impl/builtins/DefaultBuiltIns
Event: 26.631 loading class kotlin/reflect/jvm/internal/impl/builtins/DefaultBuiltIns done
Event: 26.632 loading class kotlin/reflect/jvm/internal/impl/types/ErrorUtils$ErrorClassDescriptor
Event: 26.632 loading class kotlin/reflect/jvm/internal/impl/types/ErrorUtils$ErrorClassDescriptor done
Event: 26.632 loading class kotlin/reflect/jvm/internal/impl/descriptors/ClassConstructorDescriptor
Event: 26.632 loading class kotlin/reflect/jvm/internal/impl/descriptors/ClassConstructorDescriptor done
Event: 26.633 loading class kotlin/reflect/jvm/internal/impl/descriptors/ConstructorDescriptor
Event: 26.633 loading class kotlin/reflect/jvm/internal/impl/descriptors/ConstructorDescriptor done
Event: 26.633 loading class kotlin/reflect/jvm/internal/impl/descriptors/impl/ClassConstructorDescriptorImpl
Event: 26.633 loading class kotlin/reflect/jvm/internal/impl/descriptors/impl/ClassConstructorDescriptorImpl done
Event: 26.634 loading class kotlin/reflect/jvm/internal/impl/descriptors/impl/FunctionDescriptorImpl
Event: 26.634 loading class kotlin/reflect/jvm/internal/impl/descriptors/impl/FunctionDescriptorImpl done
Event: 26.636 loading class kotlin/reflect/jvm/internal/impl/descriptors/FunctionDescriptor$CopyBuilder
Event: 26.636 loading class kotlin/reflect/jvm/internal/impl/descriptors/FunctionDescriptor$CopyBuilder done
Event: 26.637 loading class kotlin/reflect/jvm/internal/impl/resolve/scopes/receivers/ReceiverValue
Event: 26.637 loading class kotlin/reflect/jvm/internal/impl/resolve/scopes/receivers/ReceiverValue done
Event: 26.640 loading class kotlin/reflect/jvm/internal/impl/descriptors/CallableMemberDescriptor$Kind
Event: 26.640 loading class kotlin/reflect/jvm/internal/impl/descriptors/CallableMemberDescriptor$Kind done


Dynamic libraries:
0x00007ff7b8e50000 - 0x00007ff7b8e5a000 	D:\jbTOOLS\apps\AndroidStudio\ch-0\221.6008.13.2211.9514443\jbr\bin\java.exe
0x00007ffd058d0000 - 0x00007ffd05ac8000 	C:\Windows\SYSTEM32\ntdll.dll
0x00007ffd04dc0000 - 0x00007ffd04e7f000 	C:\Windows\System32\KERNEL32.DLL
0x00007ffd02fd0000 - 0x00007ffd032a2000 	C:\Windows\System32\KERNELBASE.dll
0x00007ffd03440000 - 0x00007ffd03540000 	C:\Windows\System32\ucrtbase.dll
0x00007ffcf9bb0000 - 0x00007ffcf9bc7000 	D:\jbTOOLS\apps\AndroidStudio\ch-0\221.6008.13.2211.9514443\jbr\bin\jli.dll
0x00007ffd04150000 - 0x00007ffd042f1000 	C:\Windows\System32\USER32.dll
0x00007ffd035e0000 - 0x00007ffd03602000 	C:\Windows\System32\win32u.dll
0x00007ffcf7d70000 - 0x00007ffcf800a000 	C:\Windows\WinSxS\amd64_microsoft.windows.common-controls_6595b64144ccf1df_6.0.19041.1110_none_60b5254171f9507e\COMCTL32.dll
0x00007ffd054d0000 - 0x00007ffd054fb000 	C:\Windows\System32\GDI32.dll
0x00007ffd04c50000 - 0x00007ffd04cee000 	C:\Windows\System32\msvcrt.dll
0x00007ffd03610000 - 0x00007ffd0371f000 	C:\Windows\System32\gdi32full.dll
0x00007ffd03540000 - 0x00007ffd035dd000 	C:\Windows\System32\msvcp_win.dll
0x00007ffcf4350000 - 0x00007ffcf436b000 	D:\jbTOOLS\apps\AndroidStudio\ch-0\221.6008.13.2211.9514443\jbr\bin\VCRUNTIME140.dll
0x00007ffd05500000 - 0x00007ffd05530000 	C:\Windows\System32\IMM32.DLL
0x00007ffcfa520000 - 0x00007ffcfa52c000 	D:\jbTOOLS\apps\AndroidStudio\ch-0\221.6008.13.2211.9514443\jbr\bin\vcruntime140_1.dll
0x00007ffcc3510000 - 0x00007ffcc359d000 	D:\jbTOOLS\apps\AndroidStudio\ch-0\221.6008.13.2211.9514443\jbr\bin\msvcp140.dll
0x00007ffc85eb0000 - 0x00007ffc86a6c000 	D:\jbTOOLS\apps\AndroidStudio\ch-0\221.6008.13.2211.9514443\jbr\bin\server\jvm.dll
0x00007ffd03ba0000 - 0x00007ffd03c4e000 	C:\Windows\System32\ADVAPI32.dll
0x00007ffd05430000 - 0x00007ffd054cc000 	C:\Windows\System32\sechost.dll
0x00007ffd04b20000 - 0x00007ffd04c44000 	C:\Windows\System32\RPCRT4.dll
0x00007ffd03920000 - 0x00007ffd03928000 	C:\Windows\System32\PSAPI.DLL
0x00007ffce7b10000 - 0x00007ffce7b37000 	C:\Windows\SYSTEM32\WINMM.dll
0x00007ffcf9ba0000 - 0x00007ffcf9baa000 	C:\Windows\SYSTEM32\VERSION.dll
0x00007ffcfca40000 - 0x00007ffcfca49000 	C:\Windows\SYSTEM32\WSOCK32.dll
0x00007ffd04ab0000 - 0x00007ffd04b1b000 	C:\Windows\System32\WS2_32.dll
0x00007ffd017e0000 - 0x00007ffd017f2000 	C:\Windows\SYSTEM32\kernel.appcore.dll
0x00007ffcfcac0000 - 0x00007ffcfcad0000 	D:\jbTOOLS\apps\AndroidStudio\ch-0\221.6008.13.2211.9514443\jbr\bin\verify.dll
0x00007ffd00940000 - 0x00007ffd00b24000 	C:\Windows\SYSTEM32\DBGHELP.DLL
0x00007ffcf4900000 - 0x00007ffcf4935000 	C:\Windows\SYSTEM32\dbgcore.DLL
0x00007ffd033b0000 - 0x00007ffd03432000 	C:\Windows\System32\bcryptPrimitives.dll
0x00007ffcfc6a0000 - 0x00007ffcfc6c8000 	D:\jbTOOLS\apps\AndroidStudio\ch-0\221.6008.13.2211.9514443\jbr\bin\java.dll
0x00007ffcfc9c0000 - 0x00007ffcfc9ca000 	D:\jbTOOLS\apps\AndroidStudio\ch-0\221.6008.13.2211.9514443\jbr\bin\jimage.dll
0x00007ffcfc680000 - 0x00007ffcfc698000 	D:\jbTOOLS\apps\AndroidStudio\ch-0\221.6008.13.2211.9514443\jbr\bin\zip.dll
0x00007ffd04300000 - 0x00007ffd04a45000 	C:\Windows\System32\SHELL32.dll
0x00007ffd01030000 - 0x00007ffd017c2000 	C:\Windows\SYSTEM32\windows.storage.dll
0x00007ffd05530000 - 0x00007ffd05885000 	C:\Windows\System32\combase.dll
0x00007ffd028e0000 - 0x00007ffd02910000 	C:\Windows\SYSTEM32\Wldp.dll
0x00007ffd04fd0000 - 0x00007ffd0507d000 	C:\Windows\System32\SHCORE.dll
0x00007ffd04f70000 - 0x00007ffd04fc5000 	C:\Windows\System32\shlwapi.dll
0x00007ffd02f10000 - 0x00007ffd02f2f000 	C:\Windows\SYSTEM32\profapi.dll
0x00007ffcfc660000 - 0x00007ffcfc679000 	D:\jbTOOLS\apps\AndroidStudio\ch-0\221.6008.13.2211.9514443\jbr\bin\net.dll
0x00007ffcfd240000 - 0x00007ffcfd34a000 	C:\Windows\SYSTEM32\WINHTTP.dll
0x00007ffd026c0000 - 0x00007ffd0272a000 	C:\Windows\system32\mswsock.dll
0x00007ffcfc640000 - 0x00007ffcfc653000 	D:\jbTOOLS\apps\AndroidStudio\ch-0\221.6008.13.2211.9514443\jbr\bin\nio.dll
0x00007ffcfa680000 - 0x00007ffcfa6a7000 	C:\Users\uzoro\.gradle\native\e1d6ef7f7dcc3fd88c89a11ec53ec762bb8ba0a96d01ffa2cd45eb1d1d8dd5c5\windows-amd64\native-platform.dll
0x00007ffcb43d0000 - 0x00007ffcb4514000 	C:\Users\uzoro\.gradle\native\0d407fdbe67a94daf76414ababcb853783967236a71b16ec16e742cd7a986fd3\windows-amd64\native-platform-file-events.dll
0x00007ffcfc9b0000 - 0x00007ffcfc9ba000 	D:\jbTOOLS\apps\AndroidStudio\ch-0\221.6008.13.2211.9514443\jbr\bin\management.dll
0x00007ffcfc630000 - 0x00007ffcfc63b000 	D:\jbTOOLS\apps\AndroidStudio\ch-0\221.6008.13.2211.9514443\jbr\bin\management_ext.dll
0x00007ffd02990000 - 0x00007ffd029a8000 	C:\Windows\SYSTEM32\CRYPTSP.dll
0x00007ffd01f90000 - 0x00007ffd01fc4000 	C:\Windows\system32\rsaenh.dll
0x00007ffd038f0000 - 0x00007ffd03917000 	C:\Windows\System32\bcrypt.dll
0x00007ffd02e90000 - 0x00007ffd02ebe000 	C:\Windows\SYSTEM32\USERENV.dll
0x00007ffd02850000 - 0x00007ffd0285c000 	C:\Windows\SYSTEM32\CRYPTBASE.dll
0x00007ffd023d0000 - 0x00007ffd0240b000 	C:\Windows\SYSTEM32\IPHLPAPI.DLL
0x00007ffd04140000 - 0x00007ffd04148000 	C:\Windows\System32\NSI.dll
0x00007ffcfadc0000 - 0x00007ffcfadd7000 	C:\Windows\SYSTEM32\dhcpcsvc6.DLL
0x00007ffcfad30000 - 0x00007ffcfad4d000 	C:\Windows\SYSTEM32\dhcpcsvc.DLL
0x00007ffd02410000 - 0x00007ffd024db000 	C:\Windows\SYSTEM32\DNSAPI.dll
0x00007ffcfa430000 - 0x00007ffcfa447000 	C:\Windows\system32\napinsp.dll
0x00007ffcfa410000 - 0x00007ffcfa42b000 	C:\Windows\system32\pnrpnsp.dll
0x00007ffcfddf0000 - 0x00007ffcfde05000 	C:\Windows\system32\wshbth.dll
0x00007ffcfd780000 - 0x00007ffcfd79d000 	C:\Windows\system32\NLAapi.dll
0x00007ffcfa3f0000 - 0x00007ffcfa402000 	C:\Windows\System32\winrnr.dll
0x00007ffcf9d10000 - 0x00007ffcf9d1a000 	C:\Windows\System32\rasadhlp.dll
0x00007ffcf4120000 - 0x00007ffcf41a0000 	C:\Windows\System32\fwpuclnt.dll

dbghelp: loaded successfully - version: 4.0.5 - missing functions: none
symbol engine: initialized successfully - sym options: 0x614 - pdb path: .;D:\jbTOOLS\apps\AndroidStudio\ch-0\221.6008.13.2211.9514443\jbr\bin;C:\Windows\SYSTEM32;C:\Windows\WinSxS\amd64_microsoft.windows.common-controls_6595b64144ccf1df_6.0.19041.1110_none_60b5254171f9507e;D:\jbTOOLS\apps\AndroidStudio\ch-0\221.6008.13.2211.9514443\jbr\bin\server;C:\Users\uzoro\.gradle\native\e1d6ef7f7dcc3fd88c89a11ec53ec762bb8ba0a96d01ffa2cd45eb1d1d8dd5c5\windows-amd64;C:\Users\uzoro\.gradle\native\0d407fdbe67a94daf76414ababcb853783967236a71b16ec16e742cd7a986fd3\windows-amd64

VM Arguments:
jvm_args: --add-opens=java.base/java.util=ALL-UNNAMED --add-opens=java.base/java.lang=ALL-UNNAMED --add-opens=java.base/java.lang.invoke=ALL-UNNAMED --add-opens=java.base/java.util=ALL-UNNAMED --add-opens=java.prefs/java.util.prefs=ALL-UNNAMED --add-opens=java.prefs/java.util.prefs=ALL-UNNAMED --add-opens=java.base/java.nio.charset=ALL-UNNAMED --add-opens=java.base/java.net=ALL-UNNAMED --add-opens=java.base/java.util.concurrent.atomic=ALL-UNNAMED -Xmx2048m -Dfile.encoding=UTF-8 -Duser.country=RU -Duser.language=ru -Duser.variant 
java_command: org.gradle.launcher.daemon.bootstrap.GradleDaemon 7.5
java_class_path (initial): C:\Users\uzoro\.gradle\wrapper\dists\gradle-7.5-bin\f1w0cc9nuo0eivz97x2xlu9sv\gradle-7.5\lib\gradle-launcher-7.5.jar
Launcher Type: SUN_STANDARD

[Global flags]
     intx CICompilerCount                          = 4                                         {product} {ergonomic}
     uint ConcGCThreads                            = 2                                         {product} {ergonomic}
     uint G1ConcRefinementThreads                  = 8                                         {product} {ergonomic}
   size_t G1HeapRegionSize                         = 1048576                                   {product} {ergonomic}
    uintx GCDrainStackTargetSize                   = 64                                        {product} {ergonomic}
   size_t InitialHeapSize                          = 132120576                                 {product} {ergonomic}
   size_t MarkStackSize                            = 4194304                                   {product} {ergonomic}
   size_t MaxHeapSize                              = 2147483648                                {product} {command line}
   size_t MaxNewSize                               = 1287651328                                {product} {ergonomic}
   size_t MinHeapDeltaBytes                        = 1048576                                   {product} {ergonomic}
    uintx NonNMethodCodeHeapSize                   = 5836300                                {pd product} {ergonomic}
    uintx NonProfiledCodeHeapSize                  = 122910970                              {pd product} {ergonomic}
    uintx ProfiledCodeHeapSize                     = 122910970                              {pd product} {ergonomic}
    uintx ReservedCodeCacheSize                    = 251658240                              {pd product} {ergonomic}
     bool SegmentedCodeCache                       = true                                      {product} {ergonomic}
     bool UseCompressedClassPointers               = true                                 {lp64_product} {ergonomic}
     bool UseCompressedOops                        = true                                 {lp64_product} {ergonomic}
     bool UseG1GC                                  = true                                      {product} {ergonomic}
     bool UseLargePagesIndividualAllocation        = false                                  {pd product} {ergonomic}

Logging:
Log output configuration:
 #0: stdout all=warning uptime,level,tags
 #1: stderr all=off uptime,level,tags

Environment Variables:
JAVA_HOME=C:\Program Files (x86)\Java\jre1.8.0_311
CLASSPATH=.;
PATH=C:\Users\uzoro\AppData\Local\Programs\Python\Python310\Scripts\;C:\Users\uzoro\AppData\Local\Programs\Python\Python310\;C:\Program Files\Common Files\Oracle\Java\javapath;C:\Program Files (x86)\Common Files\Oracle\Java\javapath;C:\Program Files (x86)\Java\jre1.8.0_311\bin;C:\Users\uzoro\curl-7.82.0-win64-mingw\curl-7.82.0-win64-mingw\bin;C:\Program Files (x86)\sbt\bin;C:\Windows\System32\WindowsPowerShell\v1.0\;C:\Program Files\dotnet\;C:\ProgramData\chocolatey\bin;C:\Program Files\Microsoft SQL Server\Client SDK\ODBC\170\Tools\Binn\;C:\Program Files (x86)\Microsoft SQL Server\150\Tools\Binn\;C:\Program Files\Microsoft SQL Server\150\Tools\Binn\;C:\Program Files\Microsoft SQL Server\150\DTS\Binn\;D:\node\;C:\Program Files (x86)\dotnet\;C:\Program Files\Git\cmd;C:\Program Files\Docker\Docker\resources\bin;C:\Windows\System32;D:\putty\;C:\Program Files\MySQL\MySQL Shell 8.0\bin\;C:\Program Files (x86)\Java\jre1.8.0_311\bin;C:\Gradle\bin;C:\Users\uzoro\curl-7.82.0-win64-mingw\curl-7.82.0-win64-mingw\bin;C:\Users\uzoro\Alda\alda_bin;C:\Users\uzoro\Alda\alda-player_bin;C:\Windows\System32\WindowsPowerShell\v1.0\;C:\Users\uzoro\.dotnet\tools;C:\Users\uzoro\AppData\Local\JetBrains\Toolbox\scripts;D:\Microsoft VS Code\bin;C:\Users\uzoro\AppData\Roaming\npm;D:\Downloads\platform-tools;C:\Windows\System32;C:\Program Files\Git\usr\bin;
USERNAME=uzoro
OS=Windows_NT
PROCESSOR_IDENTIFIER=Intel64 Family 6 Model 140 Stepping 1, GenuineIntel



---------------  S Y S T E M  ---------------

OS: Windows 10 , 64 bit Build 19041 (10.0.19041.2546)
OS uptime: 0 days 1:15 hours
Hyper-V role detected

CPU:total 8 (initial active 8) (4 cores per cpu, 2 threads per core) family 6 model 140 stepping 1 microcode 0x6e, cmov, cx8, fxsr, mmx, sse, sse2, sse3, ssse3, sse4.1, sse4.2, popcnt, avx, avx2, aes, clmul, erms, 3dnowpref, lzcnt, ht, tsc, tscinvbit, bmi1, bmi2, adx, evex, sha, fma

Memory: 4k page, system-wide physical 7991M (504M free)
TotalPageFile size 14540M (AvailPageFile size 5M)
current process WorkingSet (physical memory assigned to process): 438M, peak: 440M
current process commit charge ("private bytes"): 479M, peak: 510M

vm_info: OpenJDK 64-Bit Server VM (11.0.15+0-b2043.56-9505619) for windows-amd64 JRE (11.0.15+0-b2043.56-9505619), built on Jan 19 2023 02:48:00 by "builduser" with unknown MS VC++:1929

END.
